24/10/2018 18:53:50 (Std) 	+-+-+-+-+-+-+-+-+-+-+-+-+-+-+-+-+-+-+-+-+-+-+-+-+-+-+-+-+-+-+-+-+-+-+-+-+-+-+-+
24/10/2018 18:53:50 (Std) 	+                     Crazy Eddie's GUI System - Event log                    +
24/10/2018 18:53:50 (Std) 	+                          (http://www.cegui.org.uk/)                         +
24/10/2018 18:53:50 (Std) 	+-+-+-+-+-+-+-+-+-+-+-+-+-+-+-+-+-+-+-+-+-+-+-+-+-+-+-+-+-+-+-+-+-+-+-+-+-+-+-+

24/10/2018 18:53:50 (Std) 	CEGUI::Logger singleton created. (0x2feab10)
24/10/2018 18:53:50 (Std) 	
24/10/2018 18:53:50 (Std) 	********************************************************************************
24/10/2018 18:53:50 (Std) 	* Important:                                                                   *
24/10/2018 18:53:50 (Std) 	*     To get support at the CEGUI forums, you must post _at least_ the section *
24/10/2018 18:53:50 (Std) 	*     of this log file indicated below.  Failure to do this will result in no  *
24/10/2018 18:53:50 (Std) 	*     support being given; please do not waste our time.                       *
24/10/2018 18:53:50 (Std) 	********************************************************************************
24/10/2018 18:53:50 (Std) 	********************************************************************************
24/10/2018 18:53:50 (Std) 	* -------- START OF ESSENTIAL SECTION TO BE POSTED ON THE FORUM       -------- *
24/10/2018 18:53:50 (Std) 	********************************************************************************
24/10/2018 18:53:50 (Std) 	---- Version: 0.8.7 (Build: Oct  6 2017 GNU/Linux g++ 5.4.0 20160609 64 bit) ----
24/10/2018 18:53:50 (Std) 	---- Renderer module is: CEGUI::OgreRenderer - Official OGRE based 2nd generation renderer module. ----
24/10/2018 18:53:50 (Std) 	---- XML Parser module is: CEGUI::ExpatParser - Official expat based parser module for CEGUI ----
24/10/2018 18:53:50 (Std) 	---- Image Codec module is: OgreImageCodec - Integrated ImageCodec using the Ogre engine. ----
24/10/2018 18:53:50 (Std) 	---- Scripting module is: None ----
24/10/2018 18:53:50 (Std) 	********************************************************************************
24/10/2018 18:53:50 (Std) 	* -------- END OF ESSENTIAL SECTION TO BE POSTED ON THE FORUM         -------- *
24/10/2018 18:53:50 (Std) 	********************************************************************************
24/10/2018 18:53:50 (Std) 	
24/10/2018 18:53:50 (Std) 	---- Begining CEGUI System initialisation ----
24/10/2018 18:53:50 (Std) 	[CEGUI::ImageManager] Singleton created (0x3050f90)
24/10/2018 18:53:50 (Std) 	[CEGUI::ImageManager] Registered Image type: BasicImage
24/10/2018 18:53:50 (Std) 	CEGUI::FontManager singleton created. (0x3050e50)
24/10/2018 18:53:50 (Std) 	CEGUI::WindowFactoryManager singleton created
24/10/2018 18:53:50 (Std) 	CEGUI::WindowManager singleton created (0x307f060)
24/10/2018 18:53:50 (Std) 	CEGUI::SchemeManager singleton created. (0x30683f0)
24/10/2018 18:53:50 (Std) 	CEGUI::GlobalEventSet singleton created. (0x2f98d80)
24/10/2018 18:53:50 (Std) 	CEGUI::AnimationManager singleton created (0x305cc10)
24/10/2018 18:53:50 (Std) 	CEGUI::WidgetLookManager singleton created. (0x2feaec0)
24/10/2018 18:53:50 (Std) 	CEGUI::WindowRendererManager singleton created (0x2f989d0)
24/10/2018 18:53:50 (Std) 	CEGUI::RenderEffectManager singleton created (0x3068590)
24/10/2018 18:53:50 (Std) 	Created WindowFactory for 'DefaultWindow' windows.
24/10/2018 18:53:50 (Std) 	WindowFactory for 'DefaultWindow' windows added. (0x2fe9b60)
24/10/2018 18:53:50 (Std) 	Created WindowFactory for 'DragContainer' windows.
24/10/2018 18:53:50 (Std) 	WindowFactory for 'DragContainer' windows added. (0x2fe9d00)
24/10/2018 18:53:50 (Std) 	Created WindowFactory for 'ScrolledContainer' windows.
24/10/2018 18:53:50 (Std) 	WindowFactory for 'ScrolledContainer' windows added. (0x2fe9f10)
24/10/2018 18:53:50 (Std) 	Created WindowFactory for 'ClippedContainer' windows.
24/10/2018 18:53:50 (Std) 	WindowFactory for 'ClippedContainer' windows added. (0x2fea0b0)
24/10/2018 18:53:50 (Std) 	Created WindowFactory for 'CEGUI/PushButton' windows.
24/10/2018 18:53:50 (Std) 	WindowFactory for 'CEGUI/PushButton' windows added. (0x2fea250)
24/10/2018 18:53:50 (Std) 	Created WindowFactory for 'CEGUI/RadioButton' windows.
24/10/2018 18:53:50 (Std) 	WindowFactory for 'CEGUI/RadioButton' windows added. (0x2fea3f0)
24/10/2018 18:53:50 (Std) 	Created WindowFactory for 'CEGUI/Combobox' windows.
24/10/2018 18:53:50 (Std) 	WindowFactory for 'CEGUI/Combobox' windows added. (0x2fea590)
24/10/2018 18:53:50 (Std) 	Created WindowFactory for 'CEGUI/ComboDropList' windows.
24/10/2018 18:53:50 (Std) 	WindowFactory for 'CEGUI/ComboDropList' windows added. (0x2fea730)
24/10/2018 18:53:50 (Std) 	Created WindowFactory for 'CEGUI/Editbox' windows.
24/10/2018 18:53:50 (Std) 	WindowFactory for 'CEGUI/Editbox' windows added. (0x3051bd0)
24/10/2018 18:53:50 (Std) 	Created WindowFactory for 'CEGUI/FrameWindow' windows.
24/10/2018 18:53:50 (Std) 	WindowFactory for 'CEGUI/FrameWindow' windows added. (0x3051d70)
24/10/2018 18:53:50 (Std) 	Created WindowFactory for 'CEGUI/ItemEntry' windows.
24/10/2018 18:53:50 (Std) 	WindowFactory for 'CEGUI/ItemEntry' windows added. (0x3051f10)
24/10/2018 18:53:50 (Std) 	Created WindowFactory for 'CEGUI/Listbox' windows.
24/10/2018 18:53:50 (Std) 	WindowFactory for 'CEGUI/Listbox' windows added. (0x30520b0)
24/10/2018 18:53:50 (Std) 	Created WindowFactory for 'CEGUI/ListHeader' windows.
24/10/2018 18:53:50 (Std) 	WindowFactory for 'CEGUI/ListHeader' windows added. (0x3052250)
24/10/2018 18:53:50 (Std) 	Created WindowFactory for 'CEGUI/ListHeaderSegment' windows.
24/10/2018 18:53:50 (Std) 	WindowFactory for 'CEGUI/ListHeaderSegment' windows added. (0x30523f0)
24/10/2018 18:53:50 (Std) 	Created WindowFactory for 'CEGUI/Menubar' windows.
24/10/2018 18:53:50 (Std) 	WindowFactory for 'CEGUI/Menubar' windows added. (0x3052590)
24/10/2018 18:53:50 (Std) 	Created WindowFactory for 'CEGUI/PopupMenu' windows.
24/10/2018 18:53:50 (Std) 	WindowFactory for 'CEGUI/PopupMenu' windows added. (0x3052730)
24/10/2018 18:53:50 (Std) 	Created WindowFactory for 'CEGUI/MenuItem' windows.
24/10/2018 18:53:50 (Std) 	WindowFactory for 'CEGUI/MenuItem' windows added. (0x30528d0)
24/10/2018 18:53:50 (Std) 	Created WindowFactory for 'CEGUI/MultiColumnList' windows.
24/10/2018 18:53:50 (Std) 	WindowFactory for 'CEGUI/MultiColumnList' windows added. (0x3052b80)
24/10/2018 18:53:50 (Std) 	Created WindowFactory for 'CEGUI/MultiLineEditbox' windows.
24/10/2018 18:53:50 (Std) 	WindowFactory for 'CEGUI/MultiLineEditbox' windows added. (0x3052d20)
24/10/2018 18:53:50 (Std) 	Created WindowFactory for 'CEGUI/ProgressBar' windows.
24/10/2018 18:53:50 (Std) 	WindowFactory for 'CEGUI/ProgressBar' windows added. (0x3052ec0)
24/10/2018 18:53:50 (Std) 	Created WindowFactory for 'CEGUI/ScrollablePane' windows.
24/10/2018 18:53:50 (Std) 	WindowFactory for 'CEGUI/ScrollablePane' windows added. (0x3053060)
24/10/2018 18:53:50 (Std) 	Created WindowFactory for 'CEGUI/Scrollbar' windows.
24/10/2018 18:53:50 (Std) 	WindowFactory for 'CEGUI/Scrollbar' windows added. (0x3053200)
24/10/2018 18:53:50 (Std) 	Created WindowFactory for 'CEGUI/Slider' windows.
24/10/2018 18:53:50 (Std) 	WindowFactory for 'CEGUI/Slider' windows added. (0x30533a0)
24/10/2018 18:53:50 (Std) 	Created WindowFactory for 'CEGUI/Spinner' windows.
24/10/2018 18:53:50 (Std) 	WindowFactory for 'CEGUI/Spinner' windows added. (0x3053540)
24/10/2018 18:53:50 (Std) 	Created WindowFactory for 'CEGUI/TabButton' windows.
24/10/2018 18:53:50 (Std) 	WindowFactory for 'CEGUI/TabButton' windows added. (0x30536e0)
24/10/2018 18:53:50 (Std) 	Created WindowFactory for 'CEGUI/TabControl' windows.
24/10/2018 18:53:50 (Std) 	WindowFactory for 'CEGUI/TabControl' windows added. (0x3053880)
24/10/2018 18:53:50 (Std) 	Created WindowFactory for 'CEGUI/Thumb' windows.
24/10/2018 18:53:50 (Std) 	WindowFactory for 'CEGUI/Thumb' windows added. (0x3053a20)
24/10/2018 18:53:50 (Std) 	Created WindowFactory for 'CEGUI/Titlebar' windows.
24/10/2018 18:53:50 (Std) 	WindowFactory for 'CEGUI/Titlebar' windows added. (0x305d5d0)
24/10/2018 18:53:50 (Std) 	Created WindowFactory for 'CEGUI/ToggleButton' windows.
24/10/2018 18:53:50 (Std) 	WindowFactory for 'CEGUI/ToggleButton' windows added. (0x305d770)
24/10/2018 18:53:50 (Std) 	Created WindowFactory for 'CEGUI/Tooltip' windows.
24/10/2018 18:53:50 (Std) 	WindowFactory for 'CEGUI/Tooltip' windows added. (0x305d910)
24/10/2018 18:53:50 (Std) 	Created WindowFactory for 'CEGUI/ItemListbox' windows.
24/10/2018 18:53:50 (Std) 	WindowFactory for 'CEGUI/ItemListbox' windows added. (0x305dab0)
24/10/2018 18:53:50 (Std) 	Created WindowFactory for 'CEGUI/GroupBox' windows.
24/10/2018 18:53:50 (Std) 	WindowFactory for 'CEGUI/GroupBox' windows added. (0x305dc50)
24/10/2018 18:53:50 (Std) 	Created WindowFactory for 'CEGUI/Tree' windows.
24/10/2018 18:53:50 (Std) 	WindowFactory for 'CEGUI/Tree' windows added. (0x305ddf0)
24/10/2018 18:53:50 (Std) 	Created WindowFactory for 'LayoutCell' windows.
24/10/2018 18:53:50 (Std) 	WindowFactory for 'LayoutCell' windows added. (0x3052a70)
24/10/2018 18:53:50 (Std) 	Created WindowFactory for 'HorizontalLayoutContainer' windows.
24/10/2018 18:53:50 (Std) 	WindowFactory for 'HorizontalLayoutContainer' windows added. (0x305e280)
24/10/2018 18:53:50 (Std) 	Created WindowFactory for 'VerticalLayoutContainer' windows.
24/10/2018 18:53:50 (Std) 	WindowFactory for 'VerticalLayoutContainer' windows added. (0x305e420)
24/10/2018 18:53:50 (Std) 	Created WindowFactory for 'GridLayoutContainer' windows.
24/10/2018 18:53:50 (Std) 	WindowFactory for 'GridLayoutContainer' windows added. (0x305e5c0)
24/10/2018 18:53:50 (Std) 	CEGUI::System singleton created. (0x2f98ef0)
24/10/2018 18:53:50 (Std) 	---- CEGUI System initialisation completed ----
24/10/2018 18:53:50 (Std) 	
24/10/2018 18:53:50 (Std) 	Started creation of Scheme from XML specification:
24/10/2018 18:53:50 (Std) 	---- CEGUI GUIScheme name: AlfiskoSkin
24/10/2018 18:53:50 (Std) 	[ImageManager] Started creation of Imageset from XML specification:
24/10/2018 18:53:50 (Std) 	[ImageManager] ---- CEGUI Imageset name: AlfiskoSkin
24/10/2018 18:53:50 (Std) 	[ImageManager] ---- Source texture file: AlfiskoSkin.png
24/10/2018 18:53:50 (Std) 	[ImageManager] ---- Source texture resource group: (Default)
24/10/2018 18:53:50 (Std) 	[OgreRenderer] Created texture: AlfiskoSkin
24/10/2018 18:53:50 (Std) 	[ImageManager] Created image: 'AlfiskoSkin/WindowB' (0x30767e0) of type: BasicImage
24/10/2018 18:53:50 (Std) 	[ImageManager] Created image: 'AlfiskoSkin/WindowL' (0x30761a0) of type: BasicImage
24/10/2018 18:53:50 (Std) 	[ImageManager] Created image: 'AlfiskoSkin/WindowR' (0x3076dd0) of type: BasicImage
24/10/2018 18:53:50 (Std) 	[ImageManager] Created image: 'AlfiskoSkin/WindowT' (0x3076010) of type: BasicImage
24/10/2018 18:53:50 (Std) 	[ImageManager] Created image: 'AlfiskoSkin/EditboxB' (0x307bf60) of type: BasicImage
24/10/2018 18:53:50 (Std) 	[ImageManager] Created image: 'AlfiskoSkin/EditboxL' (0x307c170) of type: BasicImage
24/10/2018 18:53:50 (Std) 	[ImageManager] Created image: 'AlfiskoSkin/EditboxR' (0x307c380) of type: BasicImage
24/10/2018 18:53:50 (Std) 	[ImageManager] Created image: 'AlfiskoSkin/EditboxT' (0x307c590) of type: BasicImage
24/10/2018 18:53:50 (Std) 	[ImageManager] Created image: 'AlfiskoSkin/WindowBL' (0x307c7a0) of type: BasicImage
24/10/2018 18:53:50 (Std) 	[ImageManager] Created image: 'AlfiskoSkin/WindowBR' (0x307c9b0) of type: BasicImage
24/10/2018 18:53:50 (Std) 	[ImageManager] Created image: 'AlfiskoSkin/WindowTL' (0x307cbc0) of type: BasicImage
24/10/2018 18:53:50 (Std) 	[ImageManager] Created image: 'AlfiskoSkin/WindowTR' (0x307cdd0) of type: BasicImage
24/10/2018 18:53:50 (Std) 	[ImageManager] Created image: 'AlfiskoSkin/EditboxBL' (0x307cfe0) of type: BasicImage
24/10/2018 18:53:50 (Std) 	[ImageManager] Created image: 'AlfiskoSkin/EditboxBR' (0x307d1f0) of type: BasicImage
24/10/2018 18:53:50 (Std) 	[ImageManager] Created image: 'AlfiskoSkin/EditboxTL' (0x307d400) of type: BasicImage
24/10/2018 18:53:50 (Std) 	[ImageManager] Created image: 'AlfiskoSkin/EditboxTR' (0x307d610) of type: BasicImage
24/10/2018 18:53:50 (Std) 	[ImageManager] Created image: 'AlfiskoSkin/MouseMove' (0x307d820) of type: BasicImage
24/10/2018 18:53:50 (Std) 	[ImageManager] Created image: 'AlfiskoSkin/MouseNeSw' (0x307da30) of type: BasicImage
24/10/2018 18:53:50 (Std) 	[ImageManager] Created image: 'AlfiskoSkin/NewImage1' (0x307dc40) of type: BasicImage
24/10/2018 18:53:50 (Std) 	[ImageManager] Created image: 'AlfiskoSkin/MouseArrow' (0x307de50) of type: BasicImage
24/10/2018 18:53:50 (Std) 	[ImageManager] Created image: 'AlfiskoSkin/WindowFill' (0x307e060) of type: BasicImage
24/10/2018 18:53:50 (Std) 	[ImageManager] Created image: 'AlfiskoSkin/EditboxFill' (0x307e270) of type: BasicImage
24/10/2018 18:53:50 (Std) 	[ImageManager] Created image: 'AlfiskoSkin/WindowClipB' (0x305f340) of type: BasicImage
24/10/2018 18:53:50 (Std) 	[ImageManager] Created image: 'AlfiskoSkin/WindowClipL' (0x307e7a0) of type: BasicImage
24/10/2018 18:53:50 (Std) 	[ImageManager] Created image: 'AlfiskoSkin/WindowClipR' (0x307f6d0) of type: BasicImage
24/10/2018 18:53:50 (Std) 	[ImageManager] Created image: 'AlfiskoSkin/WindowClipT' (0x307f8e0) of type: BasicImage
24/10/2018 18:53:50 (Std) 	[ImageManager] Created image: 'AlfiskoSkin/ButtonHoverB' (0x307faf0) of type: BasicImage
24/10/2018 18:53:50 (Std) 	[ImageManager] Created image: 'AlfiskoSkin/ButtonHoverL' (0x307fd00) of type: BasicImage
24/10/2018 18:53:50 (Std) 	[ImageManager] Created image: 'AlfiskoSkin/ButtonHoverR' (0x307ff10) of type: BasicImage
24/10/2018 18:53:50 (Std) 	[ImageManager] Created image: 'AlfiskoSkin/ButtonHoverT' (0x3080120) of type: BasicImage
24/10/2018 18:53:50 (Std) 	[ImageManager] Created image: 'AlfiskoSkin/GenericBrush' (0x3080330) of type: BasicImage
24/10/2018 18:53:50 (Std) 	[ImageManager] Created image: 'AlfiskoSkin/MouseTextBar' (0x3080540) of type: BasicImage
24/10/2018 18:53:50 (Std) 	[ImageManager] Created image: 'AlfiskoSkin/ButtonHoverBL' (0x3080750) of type: BasicImage
24/10/2018 18:53:50 (Std) 	[ImageManager] Created image: 'AlfiskoSkin/ButtonHoverBR' (0x3080960) of type: BasicImage
24/10/2018 18:53:50 (Std) 	[ImageManager] Created image: 'AlfiskoSkin/ButtonHoverTL' (0x3080b70) of type: BasicImage
24/10/2018 18:53:50 (Std) 	[ImageManager] Created image: 'AlfiskoSkin/ButtonHoverTR' (0x3080d80) of type: BasicImage
24/10/2018 18:53:50 (Std) 	[ImageManager] Created image: 'AlfiskoSkin/ButtonNormalB' (0x3080f90) of type: BasicImage
24/10/2018 18:53:50 (Std) 	[ImageManager] Created image: 'AlfiskoSkin/ButtonNormalL' (0x30811a0) of type: BasicImage
24/10/2018 18:53:50 (Std) 	[ImageManager] Created image: 'AlfiskoSkin/ButtonNormalR' (0x30813b0) of type: BasicImage
24/10/2018 18:53:50 (Std) 	[ImageManager] Created image: 'AlfiskoSkin/ButtonNormalT' (0x30815c0) of type: BasicImage
24/10/2018 18:53:50 (Std) 	[ImageManager] Created image: 'AlfiskoSkin/ButtonPushedB' (0x30817d0) of type: BasicImage
24/10/2018 18:53:50 (Std) 	[ImageManager] Created image: 'AlfiskoSkin/ButtonPushedL' (0x30819e0) of type: BasicImage
24/10/2018 18:53:50 (Std) 	[ImageManager] Created image: 'AlfiskoSkin/ButtonPushedR' (0x3081bf0) of type: BasicImage
24/10/2018 18:53:50 (Std) 	[ImageManager] Created image: 'AlfiskoSkin/ButtonPushedT' (0x3081e00) of type: BasicImage
24/10/2018 18:53:50 (Std) 	[ImageManager] Created image: 'AlfiskoSkin/CheckboxHover' (0x3082010) of type: BasicImage
24/10/2018 18:53:50 (Std) 	[ImageManager] Created image: 'AlfiskoSkin/ProgressFullB' (0x3082220) of type: BasicImage
24/10/2018 18:53:50 (Std) 	[ImageManager] Created image: 'AlfiskoSkin/ProgressFullL' (0x3082430) of type: BasicImage
24/10/2018 18:53:50 (Std) 	[ImageManager] Created image: 'AlfiskoSkin/ProgressFullR' (0x3082640) of type: BasicImage
24/10/2018 18:53:50 (Std) 	[ImageManager] Created image: 'AlfiskoSkin/ProgressFullT' (0x3082850) of type: BasicImage
24/10/2018 18:53:50 (Std) 	[ImageManager] Created image: 'AlfiskoSkin/ScrollUpHover' (0x3075cf0) of type: BasicImage
24/10/2018 18:53:50 (Std) 	[ImageManager] Created image: 'AlfiskoSkin/ButtonNormalBL' (0x308e710) of type: BasicImage
24/10/2018 18:53:50 (Std) 	[ImageManager] Created image: 'AlfiskoSkin/ButtonNormalBR' (0x308e920) of type: BasicImage
24/10/2018 18:53:50 (Std) 	[ImageManager] Created image: 'AlfiskoSkin/ButtonNormalTL' (0x308eb30) of type: BasicImage
24/10/2018 18:53:50 (Std) 	[ImageManager] Created image: 'AlfiskoSkin/ButtonNormalTR' (0x308ed40) of type: BasicImage
24/10/2018 18:53:50 (Std) 	[ImageManager] Created image: 'AlfiskoSkin/ButtonPushedBL' (0x308ef50) of type: BasicImage
24/10/2018 18:53:50 (Std) 	[ImageManager] Created image: 'AlfiskoSkin/ButtonPushedBR' (0x308f160) of type: BasicImage
24/10/2018 18:53:50 (Std) 	[ImageManager] Created image: 'AlfiskoSkin/ButtonPushedTL' (0x308f370) of type: BasicImage
24/10/2018 18:53:50 (Std) 	[ImageManager] Created image: 'AlfiskoSkin/ButtonPushedTR' (0x308f580) of type: BasicImage
24/10/2018 18:53:50 (Std) 	[ImageManager] Created image: 'AlfiskoSkin/CheckboxNormal' (0x308f790) of type: BasicImage
24/10/2018 18:53:50 (Std) 	[ImageManager] Created image: 'AlfiskoSkin/HorzScrollbarB' (0x308f9a0) of type: BasicImage
24/10/2018 18:53:50 (Std) 	[ImageManager] Created image: 'AlfiskoSkin/HorzScrollbarT' (0x308fbb0) of type: BasicImage
24/10/2018 18:53:50 (Std) 	[ImageManager] Created image: 'AlfiskoSkin/ProgressEmptyB' (0x308fdc0) of type: BasicImage
24/10/2018 18:53:50 (Std) 	[ImageManager] Created image: 'AlfiskoSkin/ProgressEmptyL' (0x308ffd0) of type: BasicImage
24/10/2018 18:53:50 (Std) 	[ImageManager] Created image: 'AlfiskoSkin/ProgressEmptyR' (0x30901e0) of type: BasicImage
24/10/2018 18:53:50 (Std) 	[ImageManager] Created image: 'AlfiskoSkin/ProgressEmptyT' (0x30903f0) of type: BasicImage
24/10/2018 18:53:50 (Std) 	[ImageManager] Created image: 'AlfiskoSkin/ProgressFullBL' (0x3090600) of type: BasicImage
24/10/2018 18:53:50 (Std) 	[ImageManager] Created image: 'AlfiskoSkin/ProgressFullBR' (0x3090810) of type: BasicImage
24/10/2018 18:53:50 (Std) 	[ImageManager] Created image: 'AlfiskoSkin/ProgressFullTL' (0x3090a20) of type: BasicImage
24/10/2018 18:53:50 (Std) 	[ImageManager] Created image: 'AlfiskoSkin/ProgressFullTR' (0x3090c30) of type: BasicImage
24/10/2018 18:53:50 (Std) 	[ImageManager] Created image: 'AlfiskoSkin/ProgressShadow' (0x3090e40) of type: BasicImage
24/10/2018 18:53:50 (Std) 	[ImageManager] Created image: 'AlfiskoSkin/ScrollUpNormal' (0x3091050) of type: BasicImage
24/10/2018 18:53:50 (Std) 	[ImageManager] Created image: 'AlfiskoSkin/ScrollUpPushed' (0x3091260) of type: BasicImage
24/10/2018 18:53:50 (Std) 	[ImageManager] Created image: 'AlfiskoSkin/TitlebarDummy1' (0x3091470) of type: BasicImage
24/10/2018 18:53:50 (Std) 	[ImageManager] Created image: 'AlfiskoSkin/VertScrollbarL' (0x3091680) of type: BasicImage
24/10/2018 18:53:50 (Std) 	[ImageManager] Created image: 'AlfiskoSkin/VertScrollbarR' (0x3091890) of type: BasicImage
24/10/2018 18:53:50 (Std) 	[ImageManager] Created image: 'AlfiskoSkin/CheckboxChecked' (0x3091aa0) of type: BasicImage
24/10/2018 18:53:50 (Std) 	[ImageManager] Created image: 'AlfiskoSkin/HorzThumbHoverB' (0x3091cb0) of type: BasicImage
24/10/2018 18:53:50 (Std) 	[ImageManager] Created image: 'AlfiskoSkin/HorzThumbHoverT' (0x3091ec0) of type: BasicImage
24/10/2018 18:53:50 (Std) 	[ImageManager] Created image: 'AlfiskoSkin/ProgressEmptyBL' (0x30920d0) of type: BasicImage
24/10/2018 18:53:50 (Std) 	[ImageManager] Created image: 'AlfiskoSkin/ProgressEmptyBR' (0x30922e0) of type: BasicImage
24/10/2018 18:53:50 (Std) 	[ImageManager] Created image: 'AlfiskoSkin/ProgressEmptyTL' (0x30924f0) of type: BasicImage
24/10/2018 18:53:50 (Std) 	[ImageManager] Created image: 'AlfiskoSkin/ProgressEmptyTR' (0x3092700) of type: BasicImage
24/10/2018 18:53:50 (Std) 	[ImageManager] Created image: 'AlfiskoSkin/ScrollDownHover' (0x3092910) of type: BasicImage
24/10/2018 18:53:50 (Std) 	[ImageManager] Created image: 'AlfiskoSkin/ScrollLeftHover' (0x3092b20) of type: BasicImage
24/10/2018 18:53:50 (Std) 	[ImageManager] Created image: 'AlfiskoSkin/TitlebarActiveB' (0x3092d30) of type: BasicImage
24/10/2018 18:53:50 (Std) 	[ImageManager] Created image: 'AlfiskoSkin/TitlebarActiveL' (0x3092f40) of type: BasicImage
24/10/2018 18:53:50 (Std) 	[ImageManager] Created image: 'AlfiskoSkin/TitlebarActiveR' (0x3093150) of type: BasicImage
24/10/2018 18:53:50 (Std) 	[ImageManager] Created image: 'AlfiskoSkin/TitlebarActiveT' (0x3093360) of type: BasicImage
24/10/2018 18:53:50 (Std) 	[ImageManager] Created image: 'AlfiskoSkin/VertThumbHoverL' (0x3093570) of type: BasicImage
24/10/2018 18:53:50 (Std) 	[ImageManager] Created image: 'AlfiskoSkin/VertThumbHoverR' (0x3093780) of type: BasicImage
24/10/2018 18:53:50 (Std) 	[ImageManager] Created image: 'AlfiskoSkin/ButtonHoverFill1' (0x3093990) of type: BasicImage
24/10/2018 18:53:50 (Std) 	[ImageManager] Created image: 'AlfiskoSkin/ButtonHoverFill2' (0x3093ba0) of type: BasicImage
24/10/2018 18:53:50 (Std) 	[ImageManager] Created image: 'AlfiskoSkin/HorzSliderTrackL' (0x3093db0) of type: BasicImage
24/10/2018 18:53:50 (Std) 	[ImageManager] Created image: 'AlfiskoSkin/HorzSliderTrackR' (0x3093fc0) of type: BasicImage
24/10/2018 18:53:50 (Std) 	[ImageManager] Created image: 'AlfiskoSkin/HorzThumbHoverBL' (0x30941d0) of type: BasicImage
24/10/2018 18:53:50 (Std) 	[ImageManager] Created image: 'AlfiskoSkin/HorzThumbHoverBR' (0x30943e0) of type: BasicImage
24/10/2018 18:53:50 (Std) 	[ImageManager] Created image: 'AlfiskoSkin/HorzThumbHoverTL' (0x30945f0) of type: BasicImage
24/10/2018 18:53:50 (Std) 	[ImageManager] Created image: 'AlfiskoSkin/HorzThumbHoverTR' (0x3094800) of type: BasicImage
24/10/2018 18:53:50 (Std) 	[ImageManager] Created image: 'AlfiskoSkin/HorzThumbNormalB' (0x3094a10) of type: BasicImage
24/10/2018 18:53:50 (Std) 	[ImageManager] Created image: 'AlfiskoSkin/HorzThumbNormalT' (0x3094c20) of type: BasicImage
24/10/2018 18:53:50 (Std) 	[ImageManager] Created image: 'AlfiskoSkin/HorzThumbPushedB' (0x3094e30) of type: BasicImage
24/10/2018 18:53:50 (Std) 	[ImageManager] Created image: 'AlfiskoSkin/HorzThumbPushedT' (0x3095040) of type: BasicImage
24/10/2018 18:53:50 (Std) 	[ImageManager] Created image: 'AlfiskoSkin/HorzThumbShadowL' (0x3095250) of type: BasicImage
24/10/2018 18:53:50 (Std) 	[ImageManager] Created image: 'AlfiskoSkin/HorzThumbShadowR' (0x3095460) of type: BasicImage
24/10/2018 18:53:50 (Std) 	[ImageManager] Created image: 'AlfiskoSkin/ProgressFullFill' (0x3095670) of type: BasicImage
24/10/2018 18:53:50 (Std) 	[ImageManager] Created image: 'AlfiskoSkin/RadioButtonHover' (0x3095880) of type: BasicImage
24/10/2018 18:53:50 (Std) 	[ImageManager] Created image: 'AlfiskoSkin/ScrollDownNormal' (0x3095a90) of type: BasicImage
24/10/2018 18:53:50 (Std) 	[ImageManager] Created image: 'AlfiskoSkin/ScrollDownPushed' (0x3095ca0) of type: BasicImage
24/10/2018 18:53:50 (Std) 	[ImageManager] Created image: 'AlfiskoSkin/ScrollLeftNormal' (0x3095eb0) of type: BasicImage
24/10/2018 18:53:50 (Std) 	[ImageManager] Created image: 'AlfiskoSkin/ScrollLeftPushed' (0x30960c0) of type: BasicImage
24/10/2018 18:53:50 (Std) 	[ImageManager] Created image: 'AlfiskoSkin/ScrollRightHover' (0x30962d0) of type: BasicImage
24/10/2018 18:53:50 (Std) 	[ImageManager] Created image: 'AlfiskoSkin/TitlebarActiveBL' (0x30964e0) of type: BasicImage
24/10/2018 18:53:50 (Std) 	[ImageManager] Created image: 'AlfiskoSkin/TitlebarActiveBR' (0x30966f0) of type: BasicImage
24/10/2018 18:53:50 (Std) 	[ImageManager] Created image: 'AlfiskoSkin/TitlebarActiveTL' (0x3096900) of type: BasicImage
24/10/2018 18:53:50 (Std) 	[ImageManager] Created image: 'AlfiskoSkin/TitlebarActiveTR' (0x3096b10) of type: BasicImage
24/10/2018 18:53:50 (Std) 	[ImageManager] Created image: 'AlfiskoSkin/VertSliderTrackB' (0x3096d20) of type: BasicImage
24/10/2018 18:53:50 (Std) 	[ImageManager] Created image: 'AlfiskoSkin/VertSliderTrackT' (0x3096f30) of type: BasicImage
24/10/2018 18:53:50 (Std) 	[ImageManager] Created image: 'AlfiskoSkin/VertThumbHoverBL' (0x3097140) of type: BasicImage
24/10/2018 18:53:50 (Std) 	[ImageManager] Created image: 'AlfiskoSkin/VertThumbHoverBR' (0x3097350) of type: BasicImage
24/10/2018 18:53:50 (Std) 	[ImageManager] Created image: 'AlfiskoSkin/VertThumbHoverTL' (0x3097560) of type: BasicImage
24/10/2018 18:53:50 (Std) 	[ImageManager] Created image: 'AlfiskoSkin/VertThumbHoverTR' (0x3097770) of type: BasicImage
24/10/2018 18:53:50 (Std) 	[ImageManager] Created image: 'AlfiskoSkin/VertThumbNormalL' (0x3097980) of type: BasicImage
24/10/2018 18:53:50 (Std) 	[ImageManager] Created image: 'AlfiskoSkin/VertThumbNormalR' (0x3097b90) of type: BasicImage
24/10/2018 18:53:50 (Std) 	[ImageManager] Created image: 'AlfiskoSkin/VertThumbPushedL' (0x3097da0) of type: BasicImage
24/10/2018 18:53:50 (Std) 	[ImageManager] Created image: 'AlfiskoSkin/VertThumbPushedR' (0x3097fb0) of type: BasicImage
24/10/2018 18:53:50 (Std) 	[ImageManager] Created image: 'AlfiskoSkin/VertThumbShadowB' (0x30981c0) of type: BasicImage
24/10/2018 18:53:50 (Std) 	[ImageManager] Created image: 'AlfiskoSkin/VertThumbShadowT' (0x30983d0) of type: BasicImage
24/10/2018 18:53:50 (Std) 	[ImageManager] Created image: 'AlfiskoSkin/ButtonNormalFill1' (0x30985e0) of type: BasicImage
24/10/2018 18:53:50 (Std) 	[ImageManager] Created image: 'AlfiskoSkin/ButtonNormalFill2' (0x30987f0) of type: BasicImage
24/10/2018 18:53:50 (Std) 	[ImageManager] Created image: 'AlfiskoSkin/ButtonPushedFill1' (0x3098a00) of type: BasicImage
24/10/2018 18:53:50 (Std) 	[ImageManager] Created image: 'AlfiskoSkin/ButtonPushedFill2' (0x3098c10) of type: BasicImage
24/10/2018 18:53:50 (Std) 	[ImageManager] Created image: 'AlfiskoSkin/CloseButtonNormal' (0x3098e20) of type: BasicImage
24/10/2018 18:53:50 (Std) 	[ImageManager] Created image: 'AlfiskoSkin/CloseButtonPushed' (0x3099030) of type: BasicImage
24/10/2018 18:53:50 (Std) 	[ImageManager] Created image: 'AlfiskoSkin/HorzSliderShadowL' (0x3099240) of type: BasicImage
24/10/2018 18:53:50 (Std) 	[ImageManager] Created image: 'AlfiskoSkin/HorzSliderShadowR' (0x3099450) of type: BasicImage
24/10/2018 18:53:50 (Std) 	[ImageManager] Created image: 'AlfiskoSkin/HorzThumbNormalBL' (0x3099660) of type: BasicImage
24/10/2018 18:53:50 (Std) 	[ImageManager] Created image: 'AlfiskoSkin/HorzThumbNormalBR' (0x3099870) of type: BasicImage
24/10/2018 18:53:50 (Std) 	[ImageManager] Created image: 'AlfiskoSkin/HorzThumbNormalTL' (0x3099a80) of type: BasicImage
24/10/2018 18:53:50 (Std) 	[ImageManager] Created image: 'AlfiskoSkin/HorzThumbNormalTR' (0x3099c90) of type: BasicImage
24/10/2018 18:53:50 (Std) 	[ImageManager] Created image: 'AlfiskoSkin/HorzThumbPushedBL' (0x3099ea0) of type: BasicImage
24/10/2018 18:53:50 (Std) 	[ImageManager] Created image: 'AlfiskoSkin/HorzThumbPushedBR' (0x309a0b0) of type: BasicImage
24/10/2018 18:53:50 (Std) 	[ImageManager] Created image: 'AlfiskoSkin/HorzThumbPushedTL' (0x309a2c0) of type: BasicImage
24/10/2018 18:53:50 (Std) 	[ImageManager] Created image: 'AlfiskoSkin/HorzThumbPushedTR' (0x309a4d0) of type: BasicImage
24/10/2018 18:53:50 (Std) 	[ImageManager] Created image: 'AlfiskoSkin/ProgressEmptyFill' (0x309a6e0) of type: BasicImage
24/10/2018 18:53:50 (Std) 	[ImageManager] Created image: 'AlfiskoSkin/RadioButtonNormal' (0x309a8f0) of type: BasicImage
24/10/2018 18:53:50 (Std) 	[ImageManager] Created image: 'AlfiskoSkin/ScrollRightNormal' (0x309ab00) of type: BasicImage
24/10/2018 18:53:50 (Std) 	[ImageManager] Created image: 'AlfiskoSkin/ScrollRightPushed' (0x309ad10) of type: BasicImage
24/10/2018 18:53:50 (Std) 	[ImageManager] Created image: 'AlfiskoSkin/TitlebarInactiveB' (0x309af20) of type: BasicImage
24/10/2018 18:53:50 (Std) 	[ImageManager] Created image: 'AlfiskoSkin/TitlebarInactiveL' (0x309b130) of type: BasicImage
24/10/2018 18:53:50 (Std) 	[ImageManager] Created image: 'AlfiskoSkin/TitlebarInactiveR' (0x309b340) of type: BasicImage
24/10/2018 18:53:50 (Std) 	[ImageManager] Created image: 'AlfiskoSkin/TitlebarInactiveT' (0x309b550) of type: BasicImage
24/10/2018 18:53:50 (Std) 	[ImageManager] Created image: 'AlfiskoSkin/VertSliderShadowB' (0x309b760) of type: BasicImage
24/10/2018 18:53:50 (Std) 	[ImageManager] Created image: 'AlfiskoSkin/VertSliderShadowT' (0x309b970) of type: BasicImage
24/10/2018 18:53:50 (Std) 	[ImageManager] Created image: 'AlfiskoSkin/VertThumbNormalBL' (0x309bb80) of type: BasicImage
24/10/2018 18:53:50 (Std) 	[ImageManager] Created image: 'AlfiskoSkin/VertThumbNormalBR' (0x309bd90) of type: BasicImage
24/10/2018 18:53:50 (Std) 	[ImageManager] Created image: 'AlfiskoSkin/VertThumbNormalTL' (0x309bfa0) of type: BasicImage
24/10/2018 18:53:50 (Std) 	[ImageManager] Created image: 'AlfiskoSkin/VertThumbNormalTR' (0x309c1b0) of type: BasicImage
24/10/2018 18:53:50 (Std) 	[ImageManager] Created image: 'AlfiskoSkin/VertThumbPushedBL' (0x309c3c0) of type: BasicImage
24/10/2018 18:53:50 (Std) 	[ImageManager] Created image: 'AlfiskoSkin/VertThumbPushedBR' (0x309c5d0) of type: BasicImage
24/10/2018 18:53:50 (Std) 	[ImageManager] Created image: 'AlfiskoSkin/VertThumbPushedTL' (0x309c7e0) of type: BasicImage
24/10/2018 18:53:50 (Std) 	[ImageManager] Created image: 'AlfiskoSkin/VertThumbPushedTR' (0x309c9f0) of type: BasicImage
24/10/2018 18:53:50 (Std) 	[ImageManager] Created image: 'AlfiskoSkin/HorzScrollbarFill1' (0x309cc00) of type: BasicImage
24/10/2018 18:53:50 (Std) 	[ImageManager] Created image: 'AlfiskoSkin/HorzScrollbarFill2' (0x309ce10) of type: BasicImage
24/10/2018 18:53:50 (Std) 	[ImageManager] Created image: 'AlfiskoSkin/RadioButtonChecked' (0x309d020) of type: BasicImage
24/10/2018 18:53:50 (Std) 	[ImageManager] Created image: 'AlfiskoSkin/TitlebarInactiveBL' (0x309d230) of type: BasicImage
24/10/2018 18:53:50 (Std) 	[ImageManager] Created image: 'AlfiskoSkin/TitlebarInactiveBR' (0x309d440) of type: BasicImage
24/10/2018 18:53:50 (Std) 	[ImageManager] Created image: 'AlfiskoSkin/TitlebarInactiveTL' (0x309d650) of type: BasicImage
24/10/2018 18:53:50 (Std) 	[ImageManager] Created image: 'AlfiskoSkin/TitlebarInactiveTR' (0x309d860) of type: BasicImage
24/10/2018 18:53:50 (Std) 	[ImageManager] Created image: 'AlfiskoSkin/VertScrollbarFill1' (0x309da70) of type: BasicImage
24/10/2018 18:53:50 (Std) 	[ImageManager] Created image: 'AlfiskoSkin/VertScrollbarFill2' (0x309dc80) of type: BasicImage
24/10/2018 18:53:50 (Std) 	[ImageManager] Created image: 'AlfiskoSkin/HorzSliderTrackFill' (0x309de90) of type: BasicImage
24/10/2018 18:53:50 (Std) 	[ImageManager] Created image: 'AlfiskoSkin/TitlebarActiveFill1' (0x309e0a0) of type: BasicImage
24/10/2018 18:53:50 (Std) 	[ImageManager] Created image: 'AlfiskoSkin/TitlebarActiveFill2' (0x309e2b0) of type: BasicImage
24/10/2018 18:53:50 (Std) 	[ImageManager] Created image: 'AlfiskoSkin/VertSliderTrackFill' (0x309e4c0) of type: BasicImage
24/10/2018 18:53:50 (Std) 	[ImageManager] Created image: 'AlfiskoSkin/HorzSliderThumbHover' (0x309e9f0) of type: BasicImage
24/10/2018 18:53:50 (Std) 	[ImageManager] Created image: 'AlfiskoSkin/VertSliderThumbHover' (0x3082a60) of type: BasicImage
24/10/2018 18:53:50 (Std) 	[ImageManager] Created image: 'AlfiskoSkin/HorzSliderThumbNormal' (0x309edb0) of type: BasicImage
24/10/2018 18:53:50 (Std) 	[ImageManager] Created image: 'AlfiskoSkin/HorzSliderThumbPushed' (0x309f170) of type: BasicImage
24/10/2018 18:53:50 (Std) 	[ImageManager] Created image: 'AlfiskoSkin/TitlebarInactiveFill1' (0x309e860) of type: BasicImage
24/10/2018 18:53:50 (Std) 	[ImageManager] Created image: 'AlfiskoSkin/TitlebarInactiveFill2' (0x30a3ce0) of type: BasicImage
24/10/2018 18:53:50 (Std) 	[ImageManager] Created image: 'AlfiskoSkin/VertSliderThumbNormal' (0x30a40a0) of type: BasicImage
24/10/2018 18:53:50 (Std) 	[ImageManager] Created image: 'AlfiskoSkin/VertSliderThumbPushed' (0x30a43d0) of type: BasicImage
24/10/2018 18:53:50 (Std) 	===== Falagard 'root' element: look and feel parsing begins =====
24/10/2018 18:53:50 (Std) 	===== Look and feel parsing completed =====
24/10/2018 18:53:50 (Std) 	No window renderer factories specified for module 'CEGUICoreWindowRendererSet' - adding all available factories...
24/10/2018 18:53:50 (Std) 	Created WindowRendererFactory for 'Core/Button' WindowRenderers.
24/10/2018 18:53:50 (Std) 	WindowRendererFactory 'Core/Button' added. (0x379bc30)
24/10/2018 18:53:50 (Std) 	Created WindowRendererFactory for 'Core/Default' WindowRenderers.
24/10/2018 18:53:50 (Std) 	WindowRendererFactory 'Core/Default' added. (0x37712c0)
24/10/2018 18:53:50 (Std) 	Created WindowRendererFactory for 'Core/Editbox' WindowRenderers.
24/10/2018 18:53:50 (Std) 	WindowRendererFactory 'Core/Editbox' added. (0x3771460)
24/10/2018 18:53:50 (Std) 	Created WindowRendererFactory for 'Core/FrameWindow' WindowRenderers.
24/10/2018 18:53:50 (Std) 	WindowRendererFactory 'Core/FrameWindow' added. (0x37703e0)
24/10/2018 18:53:50 (Std) 	Created WindowRendererFactory for 'Core/ItemEntry' WindowRenderers.
24/10/2018 18:53:50 (Std) 	WindowRendererFactory 'Core/ItemEntry' added. (0x3770580)
24/10/2018 18:53:50 (Std) 	Created WindowRendererFactory for 'Core/ListHeader' WindowRenderers.
24/10/2018 18:53:50 (Std) 	WindowRendererFactory 'Core/ListHeader' added. (0x3770720)
24/10/2018 18:53:50 (Std) 	Created WindowRendererFactory for 'Core/ListHeaderSegment' WindowRenderers.
24/10/2018 18:53:50 (Std) 	WindowRendererFactory 'Core/ListHeaderSegment' added. (0x3620cc0)
24/10/2018 18:53:50 (Std) 	Created WindowRendererFactory for 'Core/Listbox' WindowRenderers.
24/10/2018 18:53:50 (Std) 	WindowRendererFactory 'Core/Listbox' added. (0x3620e60)
24/10/2018 18:53:50 (Std) 	Created WindowRendererFactory for 'Core/Menubar' WindowRenderers.
24/10/2018 18:53:50 (Std) 	WindowRendererFactory 'Core/Menubar' added. (0x3621000)
24/10/2018 18:53:50 (Std) 	Created WindowRendererFactory for 'Core/MenuItem' WindowRenderers.
24/10/2018 18:53:50 (Std) 	WindowRendererFactory 'Core/MenuItem' added. (0x378c910)
24/10/2018 18:53:50 (Std) 	Created WindowRendererFactory for 'Core/MultiColumnList' WindowRenderers.
24/10/2018 18:53:50 (Std) 	WindowRendererFactory 'Core/MultiColumnList' added. (0x378cab0)
24/10/2018 18:53:50 (Std) 	Created WindowRendererFactory for 'Core/MultiLineEditbox' WindowRenderers.
24/10/2018 18:53:50 (Std) 	WindowRendererFactory 'Core/MultiLineEditbox' added. (0x378cc50)
24/10/2018 18:53:50 (Std) 	Created WindowRendererFactory for 'Core/PopupMenu' WindowRenderers.
24/10/2018 18:53:50 (Std) 	WindowRendererFactory 'Core/PopupMenu' added. (0x378cdf0)
24/10/2018 18:53:50 (Std) 	Created WindowRendererFactory for 'Core/ProgressBar' WindowRenderers.
24/10/2018 18:53:50 (Std) 	WindowRendererFactory 'Core/ProgressBar' added. (0x378ceb0)
24/10/2018 18:53:50 (Std) 	Created WindowRendererFactory for 'Core/ScrollablePane' WindowRenderers.
24/10/2018 18:53:50 (Std) 	WindowRendererFactory 'Core/ScrollablePane' added. (0x3798150)
24/10/2018 18:53:50 (Std) 	Created WindowRendererFactory for 'Core/Scrollbar' WindowRenderers.
24/10/2018 18:53:50 (Std) 	WindowRendererFactory 'Core/Scrollbar' added. (0x37982f0)
24/10/2018 18:53:50 (Std) 	Created WindowRendererFactory for 'Core/Slider' WindowRenderers.
24/10/2018 18:53:50 (Std) 	WindowRendererFactory 'Core/Slider' added. (0x3798490)
24/10/2018 18:53:50 (Std) 	Created WindowRendererFactory for 'Core/Static' WindowRenderers.
24/10/2018 18:53:50 (Std) 	WindowRendererFactory 'Core/Static' added. (0x3790560)
24/10/2018 18:53:50 (Std) 	Created WindowRendererFactory for 'Core/StaticImage' WindowRenderers.
24/10/2018 18:53:50 (Std) 	WindowRendererFactory 'Core/StaticImage' added. (0x3790700)
24/10/2018 18:53:50 (Std) 	Created WindowRendererFactory for 'Core/StaticText' WindowRenderers.
24/10/2018 18:53:50 (Std) 	WindowRendererFactory 'Core/StaticText' added. (0x37908a0)
24/10/2018 18:53:50 (Std) 	Created WindowRendererFactory for 'Core/TabButton' WindowRenderers.
24/10/2018 18:53:50 (Std) 	WindowRendererFactory 'Core/TabButton' added. (0x3790a40)
24/10/2018 18:53:50 (Std) 	Created WindowRendererFactory for 'Core/TabControl' WindowRenderers.
24/10/2018 18:53:50 (Std) 	WindowRendererFactory 'Core/TabControl' added. (0x37940c0)
24/10/2018 18:53:50 (Std) 	Created WindowRendererFactory for 'Core/Titlebar' WindowRenderers.
24/10/2018 18:53:50 (Std) 	WindowRendererFactory 'Core/Titlebar' added. (0x3794260)
24/10/2018 18:53:50 (Std) 	Created WindowRendererFactory for 'Core/ToggleButton' WindowRenderers.
24/10/2018 18:53:50 (Std) 	WindowRendererFactory 'Core/ToggleButton' added. (0x3794400)
24/10/2018 18:53:50 (Std) 	Created WindowRendererFactory for 'Core/Tooltip' WindowRenderers.
24/10/2018 18:53:50 (Std) 	WindowRendererFactory 'Core/Tooltip' added. (0x37945a0)
24/10/2018 18:53:50 (Std) 	Created WindowRendererFactory for 'Core/ItemListbox' WindowRenderers.
24/10/2018 18:53:50 (Std) 	WindowRendererFactory 'Core/ItemListbox' added. (0x3794740)
24/10/2018 18:53:50 (Std) 	Created WindowRendererFactory for 'Core/Tree' WindowRenderers.
24/10/2018 18:53:50 (Std) 	WindowRendererFactory 'Core/Tree' added. (0x305e840)
24/10/2018 18:53:50 (Std) 	Creating falagard mapping for type 'AlfiskoSkin/Label' using base type 'DefaultWindow', window renderer 'Core/Default' Look'N'Feel 'AlfiskoSkin/Label' and RenderEffect ''. (0x7ffccb414700)
24/10/2018 18:53:50 (Std) 	Creating falagard mapping for type 'AlfiskoSkin/Button' using base type 'CEGUI/PushButton', window renderer 'Core/Button' Look'N'Feel 'AlfiskoSkin/Button' and RenderEffect ''. (0x7ffccb414700)
24/10/2018 18:53:50 (Std) 	Creating falagard mapping for type 'AlfiskoSkin/ImageButton' using base type 'CEGUI/PushButton', window renderer 'Core/Button' Look'N'Feel 'AlfiskoSkin/ImageButton' and RenderEffect ''. (0x7ffccb414700)
24/10/2018 18:53:50 (Std) 	Creating falagard mapping for type 'AlfiskoSkin/RadioButton' using base type 'CEGUI/RadioButton', window renderer 'Core/ToggleButton' Look'N'Feel 'AlfiskoSkin/RadioButton' and RenderEffect ''. (0x7ffccb414700)
24/10/2018 18:53:50 (Std) 	Creating falagard mapping for type 'AlfiskoSkin/Checkbox' using base type 'CEGUI/ToggleButton', window renderer 'Core/ToggleButton' Look'N'Feel 'AlfiskoSkin/Checkbox' and RenderEffect ''. (0x7ffccb414700)
24/10/2018 18:53:50 (Std) 	Creating falagard mapping for type 'AlfiskoSkin/Titlebar' using base type 'CEGUI/Titlebar', window renderer 'Core/Titlebar' Look'N'Feel 'AlfiskoSkin/Titlebar' and RenderEffect ''. (0x7ffccb414700)
24/10/2018 18:53:50 (Std) 	Creating falagard mapping for type 'AlfiskoSkin/FrameWindow' using base type 'CEGUI/FrameWindow', window renderer 'Core/FrameWindow' Look'N'Feel 'AlfiskoSkin/FrameWindow' and RenderEffect ''. (0x7ffccb414700)
24/10/2018 18:53:50 (Std) 	Creating falagard mapping for type 'AlfiskoSkin/Editbox' using base type 'CEGUI/Editbox', window renderer 'Core/Editbox' Look'N'Feel 'AlfiskoSkin/Editbox' and RenderEffect ''. (0x7ffccb414700)
24/10/2018 18:53:50 (Std) 	Creating falagard mapping for type 'AlfiskoSkin/VerticalScrollbarThumb' using base type 'CEGUI/Thumb', window renderer 'Core/Button' Look'N'Feel 'AlfiskoSkin/VerticalScrollbarThumb' and RenderEffect ''. (0x7ffccb414700)
24/10/2018 18:53:50 (Std) 	Creating falagard mapping for type 'AlfiskoSkin/VerticalScrollbar' using base type 'CEGUI/Scrollbar', window renderer 'Core/Scrollbar' Look'N'Feel 'AlfiskoSkin/VerticalScrollbar' and RenderEffect ''. (0x7ffccb414700)
24/10/2018 18:53:50 (Std) 	Creating falagard mapping for type 'AlfiskoSkin/HorizontalScrollbarThumb' using base type 'CEGUI/Thumb', window renderer 'Core/Button' Look'N'Feel 'AlfiskoSkin/HorizontalScrollbarThumb' and RenderEffect ''. (0x7ffccb414700)
24/10/2018 18:53:50 (Std) 	Creating falagard mapping for type 'AlfiskoSkin/HorizontalScrollbar' using base type 'CEGUI/Scrollbar', window renderer 'Core/Scrollbar' Look'N'Feel 'AlfiskoSkin/HorizontalScrollbar' and RenderEffect ''. (0x7ffccb414700)
24/10/2018 18:53:50 (Std) 	Creating falagard mapping for type 'AlfiskoSkin/MultiLineEditbox' using base type 'CEGUI/MultiLineEditbox', window renderer 'Core/MultiLineEditbox' Look'N'Feel 'AlfiskoSkin/MultiLineEditbox' and RenderEffect ''. (0x7ffccb414700)
24/10/2018 18:53:50 (Std) 	Creating falagard mapping for type 'AlfiskoSkin/ProgressBar' using base type 'CEGUI/ProgressBar', window renderer 'Core/ProgressBar' Look'N'Feel 'AlfiskoSkin/ProgressBar' and RenderEffect ''. (0x7ffccb414700)
24/10/2018 18:53:50 (Std) 	Creating falagard mapping for type 'AlfiskoSkin/HorizontalSliderThumb' using base type 'CEGUI/Thumb', window renderer 'Core/Button' Look'N'Feel 'AlfiskoSkin/HorizontalSliderThumb' and RenderEffect ''. (0x7ffccb414700)
24/10/2018 18:53:50 (Std) 	Creating falagard mapping for type 'AlfiskoSkin/HorizontalSlider' using base type 'CEGUI/Slider', window renderer 'Core/Slider' Look'N'Feel 'AlfiskoSkin/HorizontalSlider' and RenderEffect ''. (0x7ffccb414700)
24/10/2018 18:53:50 (Std) 	Creating falagard mapping for type 'AlfiskoSkin/VerticalSliderThumb' using base type 'CEGUI/Thumb', window renderer 'Core/Button' Look'N'Feel 'AlfiskoSkin/VerticalSliderThumb' and RenderEffect ''. (0x7ffccb414700)
24/10/2018 18:53:50 (Std) 	Creating falagard mapping for type 'AlfiskoSkin/VerticalSlider' using base type 'CEGUI/Slider', window renderer 'Core/Slider' Look'N'Feel 'AlfiskoSkin/VerticalSlider' and RenderEffect ''. (0x7ffccb414700)
24/10/2018 18:53:50 (Std) 	Creating falagard mapping for type 'AlfiskoSkin/MenuItem' using base type 'CEGUI/MenuItem', window renderer 'Core/MenuItem' Look'N'Feel 'AlfiskoSkin/MenuItem' and RenderEffect ''. (0x7ffccb414700)
24/10/2018 18:53:50 (Std) 	Started creation of Scheme from XML specification:
24/10/2018 18:53:50 (Std) 	---- CEGUI GUIScheme name: TaharezLook
24/10/2018 18:53:50 (Std) 	[ImageManager] Started creation of Imageset from XML specification:
24/10/2018 18:53:50 (Std) 	[ImageManager] ---- CEGUI Imageset name: TaharezLook
24/10/2018 18:53:50 (Std) 	[ImageManager] ---- Source texture file: TaharezLook.png
24/10/2018 18:53:50 (Std) 	[ImageManager] ---- Source texture resource group: (Default)
24/10/2018 18:53:50 (Std) 	[OgreRenderer] Created texture: TaharezLook
24/10/2018 18:53:50 (Std) 	[ImageManager] Created image: 'TaharezLook/ClientBrush' (0x379a9e0) of type: BasicImage
24/10/2018 18:53:50 (Std) 	[ImageManager] Created image: 'TaharezLook/GenericBrush' (0x379a850) of type: BasicImage
24/10/2018 18:53:50 (Std) 	[ImageManager] Created image: 'TaharezLook/WindowLeftEdge' (0x363de70) of type: BasicImage
24/10/2018 18:53:50 (Std) 	[ImageManager] Created image: 'TaharezLook/WindowRightEdge' (0x363e0a0) of type: BasicImage
24/10/2018 18:53:50 (Std) 	[ImageManager] Created image: 'TaharezLook/WindowTopEdge' (0x379a210) of type: BasicImage
24/10/2018 18:53:50 (Std) 	[ImageManager] Created image: 'TaharezLook/WindowBottomEdge' (0x363db50) of type: BasicImage
24/10/2018 18:53:50 (Std) 	[ImageManager] Created image: 'TaharezLook/WindowTopLeft' (0x363e2b0) of type: BasicImage
24/10/2018 18:53:50 (Std) 	[ImageManager] Created image: 'TaharezLook/WindowTopRight' (0x363e4c0) of type: BasicImage
24/10/2018 18:53:50 (Std) 	[ImageManager] Created image: 'TaharezLook/WindowBottomLeft' (0x363e6d0) of type: BasicImage
24/10/2018 18:53:50 (Std) 	[ImageManager] Created image: 'TaharezLook/WindowBottomRight' (0x363e8e0) of type: BasicImage
24/10/2018 18:53:50 (Std) 	[ImageManager] Created image: 'TaharezLook/ButtonLeftNormal' (0x363eaf0) of type: BasicImage
24/10/2018 18:53:50 (Std) 	[ImageManager] Created image: 'TaharezLook/ButtonMiddleNormal' (0x363ed00) of type: BasicImage
24/10/2018 18:53:50 (Std) 	[ImageManager] Created image: 'TaharezLook/ButtonRightNormal' (0x363ef10) of type: BasicImage
24/10/2018 18:53:50 (Std) 	[ImageManager] Created image: 'TaharezLook/ButtonLeftPushed' (0x363f120) of type: BasicImage
24/10/2018 18:53:50 (Std) 	[ImageManager] Created image: 'TaharezLook/ButtonMiddlePushed' (0x363f330) of type: BasicImage
24/10/2018 18:53:50 (Std) 	[ImageManager] Created image: 'TaharezLook/ButtonRightPushed' (0x363f540) of type: BasicImage
24/10/2018 18:53:50 (Std) 	[ImageManager] Created image: 'TaharezLook/ButtonLeftHighlight' (0x363f750) of type: BasicImage
24/10/2018 18:53:50 (Std) 	[ImageManager] Created image: 'TaharezLook/ButtonMiddleHighlight' (0x363f960) of type: BasicImage
24/10/2018 18:53:50 (Std) 	[ImageManager] Created image: 'TaharezLook/ButtonRightHighlight' (0x363fc00) of type: BasicImage
24/10/2018 18:53:50 (Std) 	[ImageManager] Created image: 'TaharezLook/CheckboxNormal' (0x363ff30) of type: BasicImage
24/10/2018 18:53:50 (Std) 	[ImageManager] Created image: 'TaharezLook/CheckboxHover' (0x3640140) of type: BasicImage
24/10/2018 18:53:50 (Std) 	[ImageManager] Created image: 'TaharezLook/CheckboxMark' (0x3640350) of type: BasicImage
24/10/2018 18:53:50 (Std) 	[ImageManager] Created image: 'TaharezLook/RadioButtonNormal' (0x3640560) of type: BasicImage
24/10/2018 18:53:50 (Std) 	[ImageManager] Created image: 'TaharezLook/RadioButtonHover' (0x3640770) of type: BasicImage
24/10/2018 18:53:50 (Std) 	[ImageManager] Created image: 'TaharezLook/RadioButtonMark' (0x3640980) of type: BasicImage
24/10/2018 18:53:50 (Std) 	[ImageManager] Created image: 'TaharezLook/TitlebarLeft' (0x3640b90) of type: BasicImage
24/10/2018 18:53:50 (Std) 	[ImageManager] Created image: 'TaharezLook/TitlebarMiddle' (0x3640da0) of type: BasicImage
24/10/2018 18:53:50 (Std) 	[ImageManager] Created image: 'TaharezLook/TitlebarRight' (0x3640fb0) of type: BasicImage
24/10/2018 18:53:50 (Std) 	[ImageManager] Created image: 'TaharezLook/NewTitlebarLeft' (0x36411c0) of type: BasicImage
24/10/2018 18:53:50 (Std) 	[ImageManager] Created image: 'TaharezLook/NewTitlebarMiddle' (0x36413d0) of type: BasicImage
24/10/2018 18:53:50 (Std) 	[ImageManager] Created image: 'TaharezLook/NewTitlebarRight' (0x36415e0) of type: BasicImage
24/10/2018 18:53:50 (Std) 	[ImageManager] Created image: 'TaharezLook/SysAreaMiddle' (0x36417f0) of type: BasicImage
24/10/2018 18:53:50 (Std) 	[ImageManager] Created image: 'TaharezLook/SysAreaRight' (0x3641a00) of type: BasicImage
24/10/2018 18:53:50 (Std) 	[ImageManager] Created image: 'TaharezLook/StaticLeft' (0x3641c10) of type: BasicImage
24/10/2018 18:53:50 (Std) 	[ImageManager] Created image: 'TaharezLook/StaticRight' (0x3641e20) of type: BasicImage
24/10/2018 18:53:50 (Std) 	[ImageManager] Created image: 'TaharezLook/StaticTop' (0x3642030) of type: BasicImage
24/10/2018 18:53:50 (Std) 	[ImageManager] Created image: 'TaharezLook/StaticBottom' (0x3642240) of type: BasicImage
24/10/2018 18:53:50 (Std) 	[ImageManager] Created image: 'TaharezLook/StaticTopLeft' (0x3798cb0) of type: BasicImage
24/10/2018 18:53:50 (Std) 	[ImageManager] Created image: 'TaharezLook/StaticTopRight' (0x36478a0) of type: BasicImage
24/10/2018 18:53:50 (Std) 	[ImageManager] Created image: 'TaharezLook/StaticBottomLeft' (0x3647ab0) of type: BasicImage
24/10/2018 18:53:50 (Std) 	[ImageManager] Created image: 'TaharezLook/StaticBottomRight' (0x3647cc0) of type: BasicImage
24/10/2018 18:53:50 (Std) 	[ImageManager] Created image: 'TaharezLook/StaticBackdrop' (0x3647ed0) of type: BasicImage
24/10/2018 18:53:50 (Std) 	[ImageManager] Created image: 'TaharezLook/ProgressBarLeft' (0x36480e0) of type: BasicImage
24/10/2018 18:53:50 (Std) 	[ImageManager] Created image: 'TaharezLook/ProgressBarMiddle' (0x36482f0) of type: BasicImage
24/10/2018 18:53:50 (Std) 	[ImageManager] Created image: 'TaharezLook/ProgressBarRight' (0x3648500) of type: BasicImage
24/10/2018 18:53:50 (Std) 	[ImageManager] Created image: 'TaharezLook/ProgressBarDimSegment' (0x3648710) of type: BasicImage
24/10/2018 18:53:50 (Std) 	[ImageManager] Created image: 'TaharezLook/ProgressBarLitSegment' (0x3648a40) of type: BasicImage
24/10/2018 18:53:50 (Std) 	[ImageManager] Created image: 'TaharezLook/EditBoxLeft' (0x3648d70) of type: BasicImage
24/10/2018 18:53:50 (Std) 	[ImageManager] Created image: 'TaharezLook/EditBoxMiddle' (0x3648f80) of type: BasicImage
24/10/2018 18:53:50 (Std) 	[ImageManager] Created image: 'TaharezLook/EditBoxRight' (0x3649190) of type: BasicImage
24/10/2018 18:53:50 (Std) 	[ImageManager] Created image: 'TaharezLook/EditBoxCaret' (0x36493a0) of type: BasicImage
24/10/2018 18:53:50 (Std) 	[ImageManager] Created image: 'TaharezLook/SpinnerUpNormal' (0x36495b0) of type: BasicImage
24/10/2018 18:53:50 (Std) 	[ImageManager] Created image: 'TaharezLook/SpinnerDownNormal' (0x36497c0) of type: BasicImage
24/10/2018 18:53:50 (Std) 	[ImageManager] Created image: 'TaharezLook/SpinnerUpHover' (0x36499d0) of type: BasicImage
24/10/2018 18:53:50 (Std) 	[ImageManager] Created image: 'TaharezLook/SpinnerDownHover' (0x3649be0) of type: BasicImage
24/10/2018 18:53:50 (Std) 	[ImageManager] Created image: 'TaharezLook/TextSelectionBrush' (0x3649df0) of type: BasicImage
24/10/2018 18:53:50 (Std) 	[ImageManager] Created image: 'TaharezLook/VertScrollTop' (0x364a000) of type: BasicImage
24/10/2018 18:53:50 (Std) 	[ImageManager] Created image: 'TaharezLook/VertScrollMiddle' (0x364a210) of type: BasicImage
24/10/2018 18:53:50 (Std) 	[ImageManager] Created image: 'TaharezLook/VertScrollBottom' (0x364a420) of type: BasicImage
24/10/2018 18:53:50 (Std) 	[ImageManager] Created image: 'TaharezLook/VertScrollBarSegment' (0x364a630) of type: BasicImage
24/10/2018 18:53:50 (Std) 	[ImageManager] Created image: 'TaharezLook/VertScrollThumbNormal' (0x364a960) of type: BasicImage
24/10/2018 18:53:50 (Std) 	[ImageManager] Created image: 'TaharezLook/VertScrollThumbHover' (0x364ac90) of type: BasicImage
24/10/2018 18:53:50 (Std) 	[ImageManager] Created image: 'TaharezLook/VertScrollUpNormal' (0x364afc0) of type: BasicImage
24/10/2018 18:53:50 (Std) 	[ImageManager] Created image: 'TaharezLook/VertScrollDownNormal' (0x364b1d0) of type: BasicImage
24/10/2018 18:53:50 (Std) 	[ImageManager] Created image: 'TaharezLook/VertScrollUpHover' (0x364b500) of type: BasicImage
24/10/2018 18:53:50 (Std) 	[ImageManager] Created image: 'TaharezLook/VertScrollDownHover' (0x364b710) of type: BasicImage
24/10/2018 18:53:50 (Std) 	[ImageManager] Created image: 'TaharezLook/MiniVertScrollBarSegment' (0x364b920) of type: BasicImage
24/10/2018 18:53:50 (Std) 	[ImageManager] Created image: 'TaharezLook/MiniVertScrollThumbNormal' (0x364bd10) of type: BasicImage
24/10/2018 18:53:50 (Std) 	[ImageManager] Created image: 'TaharezLook/MiniVertScrollThumbTopNormal' (0x364c100) of type: BasicImage
24/10/2018 18:53:50 (Std) 	[ImageManager] Created image: 'TaharezLook/MiniVertScrollThumbMiddleNormal' (0x364c520) of type: BasicImage
24/10/2018 18:53:50 (Std) 	[ImageManager] Created image: 'TaharezLook/MiniVertScrollThumbBottomNormal' (0x364c970) of type: BasicImage
24/10/2018 18:53:50 (Std) 	[ImageManager] Created image: 'TaharezLook/MiniVertScrollThumbTopHover' (0x3799ef0) of type: BasicImage
24/10/2018 18:53:50 (Std) 	[ImageManager] Created image: 'TaharezLook/MiniVertScrollThumbMiddleHover' (0x379a0c0) of type: BasicImage
24/10/2018 18:53:50 (Std) 	[ImageManager] Created image: 'TaharezLook/MiniVertScrollThumbBottomHover' (0x3662e00) of type: BasicImage
24/10/2018 18:53:50 (Std) 	[ImageManager] Created image: 'TaharezLook/MiniVertScrollThumbHover' (0x3663250) of type: BasicImage
24/10/2018 18:53:50 (Std) 	[ImageManager] Created image: 'TaharezLook/MiniVertScrollUpNormal' (0x36635a0) of type: BasicImage
24/10/2018 18:53:50 (Std) 	[ImageManager] Created image: 'TaharezLook/MiniVertScrollDownNormal' (0x36638f0) of type: BasicImage
24/10/2018 18:53:50 (Std) 	[ImageManager] Created image: 'TaharezLook/MiniVertScrollUpHover' (0x3663c40) of type: BasicImage
24/10/2018 18:53:50 (Std) 	[ImageManager] Created image: 'TaharezLook/MiniVertScrollDownHover' (0x3663f70) of type: BasicImage
24/10/2018 18:53:50 (Std) 	[ImageManager] Created image: 'TaharezLook/VertSliderBody' (0x36642c0) of type: BasicImage
24/10/2018 18:53:50 (Std) 	[ImageManager] Created image: 'TaharezLook/VertSliderThumbNormal' (0x36644d0) of type: BasicImage
24/10/2018 18:53:50 (Std) 	[ImageManager] Created image: 'TaharezLook/VertSliderThumbHover' (0x3664800) of type: BasicImage
24/10/2018 18:53:50 (Std) 	[ImageManager] Created image: 'TaharezLook/MiniHorzScrollBarSegment' (0x3664b30) of type: BasicImage
24/10/2018 18:53:50 (Std) 	[ImageManager] Created image: 'TaharezLook/MiniHorzScrollThumbNormal' (0x3664e80) of type: BasicImage
24/10/2018 18:53:50 (Std) 	[ImageManager] Created image: 'TaharezLook/MiniHorzScrollThumbLeftNormal' (0x36651d0) of type: BasicImage
24/10/2018 18:53:50 (Std) 	[ImageManager] Created image: 'TaharezLook/MiniHorzScrollThumbMiddleNormal' (0x36655f0) of type: BasicImage
24/10/2018 18:53:50 (Std) 	[ImageManager] Created image: 'TaharezLook/MiniHorzScrollThumbRightNormal' (0x3665980) of type: BasicImage
24/10/2018 18:53:50 (Std) 	[ImageManager] Created image: 'TaharezLook/MiniHorzScrollThumbHover' (0x3665d10) of type: BasicImage
24/10/2018 18:53:50 (Std) 	[ImageManager] Created image: 'TaharezLook/MiniHorzScrollThumbLeftHover' (0x3666060) of type: BasicImage
24/10/2018 18:53:50 (Std) 	[ImageManager] Created image: 'TaharezLook/MiniHorzScrollThumbMiddleHover' (0x3666480) of type: BasicImage
24/10/2018 18:53:50 (Std) 	[ImageManager] Created image: 'TaharezLook/MiniHorzScrollThumbRightHover' (0x3666810) of type: BasicImage
24/10/2018 18:53:50 (Std) 	[ImageManager] Created image: 'TaharezLook/MiniHorzScrollLeftNormal' (0x3666b80) of type: BasicImage
24/10/2018 18:53:50 (Std) 	[ImageManager] Created image: 'TaharezLook/MiniHorzScrollRightNormal' (0x3666ed0) of type: BasicImage
24/10/2018 18:53:50 (Std) 	[ImageManager] Created image: 'TaharezLook/MiniHorzScrollLeftHover' (0x3667220) of type: BasicImage
24/10/2018 18:53:50 (Std) 	[ImageManager] Created image: 'TaharezLook/MiniHorzScrollRightHover' (0x3667570) of type: BasicImage
24/10/2018 18:53:50 (Std) 	[ImageManager] Created image: 'TaharezLook/ListboxLeft' (0x36678c0) of type: BasicImage
24/10/2018 18:53:50 (Std) 	[ImageManager] Created image: 'TaharezLook/ListboxRight' (0x3667ad0) of type: BasicImage
24/10/2018 18:53:50 (Std) 	[ImageManager] Created image: 'TaharezLook/ListboxTop' (0x3667ce0) of type: BasicImage
24/10/2018 18:53:50 (Std) 	[ImageManager] Created image: 'TaharezLook/ListboxBottom' (0x3667ef0) of type: BasicImage
24/10/2018 18:53:50 (Std) 	[ImageManager] Created image: 'TaharezLook/ListboxTopLeft' (0x3668100) of type: BasicImage
24/10/2018 18:53:50 (Std) 	[ImageManager] Created image: 'TaharezLook/ListboxTopRight' (0x3668310) of type: BasicImage
24/10/2018 18:53:50 (Std) 	[ImageManager] Created image: 'TaharezLook/ListboxBottomLeft' (0x3668520) of type: BasicImage
24/10/2018 18:53:50 (Std) 	[ImageManager] Created image: 'TaharezLook/ListboxBottomRight' (0x3668730) of type: BasicImage
24/10/2018 18:53:50 (Std) 	[ImageManager] Created image: 'TaharezLook/ListboxBackdrop' (0x3668940) of type: BasicImage
24/10/2018 18:53:50 (Std) 	[ImageManager] Created image: 'TaharezLook/ListboxSelectionBrush' (0x3668b50) of type: BasicImage
24/10/2018 18:53:50 (Std) 	[ImageManager] Created image: 'TaharezLook/ComboboxEditLeft' (0x3668e80) of type: BasicImage
24/10/2018 18:53:50 (Std) 	[ImageManager] Created image: 'TaharezLook/ComboboxEditMiddle' (0x3669090) of type: BasicImage
24/10/2018 18:53:50 (Std) 	[ImageManager] Created image: 'TaharezLook/ComboboxListButtonNormal' (0x36692a0) of type: BasicImage
24/10/2018 18:53:50 (Std) 	[ImageManager] Created image: 'TaharezLook/ComboboxListButtonHover' (0x36695f0) of type: BasicImage
24/10/2018 18:53:50 (Std) 	[ImageManager] Created image: 'TaharezLook/ComboboxListLeft' (0x3669940) of type: BasicImage
24/10/2018 18:53:50 (Std) 	[ImageManager] Created image: 'TaharezLook/ComboboxListRight' (0x3669b50) of type: BasicImage
24/10/2018 18:53:50 (Std) 	[ImageManager] Created image: 'TaharezLook/ComboboxListTop' (0x3669d60) of type: BasicImage
24/10/2018 18:53:50 (Std) 	[ImageManager] Created image: 'TaharezLook/ComboboxListBottom' (0x3669f70) of type: BasicImage
24/10/2018 18:53:50 (Std) 	[ImageManager] Created image: 'TaharezLook/ComboboxListTopLeft' (0x366a180) of type: BasicImage
24/10/2018 18:53:50 (Std) 	[ImageManager] Created image: 'TaharezLook/ComboboxListTopRight' (0x366a390) of type: BasicImage
24/10/2018 18:53:50 (Std) 	[ImageManager] Created image: 'TaharezLook/ComboboxListBottomLeft' (0x366a6c0) of type: BasicImage
24/10/2018 18:53:50 (Std) 	[ImageManager] Created image: 'TaharezLook/ComboboxListBottomRight' (0x366aa10) of type: BasicImage
24/10/2018 18:53:50 (Std) 	[ImageManager] Created image: 'TaharezLook/ComboboxListBackdrop' (0x366ad60) of type: BasicImage
24/10/2018 18:53:50 (Std) 	[ImageManager] Created image: 'TaharezLook/ComboboxSelectionBrush' (0x366b090) of type: BasicImage
24/10/2018 18:53:50 (Std) 	[ImageManager] Created image: 'TaharezLook/ComboboxDividerLeft' (0x366b3e0) of type: BasicImage
24/10/2018 18:53:50 (Std) 	[ImageManager] Created image: 'TaharezLook/ComboboxDividerMiddle' (0x366b5f0) of type: BasicImage
24/10/2018 18:53:50 (Std) 	[ImageManager] Created image: 'TaharezLook/ComboboxDividerRight' (0x366b920) of type: BasicImage
24/10/2018 18:53:50 (Std) 	[ImageManager] Created image: 'TaharezLook/HeaderBarBackdropNormal' (0x366bc50) of type: BasicImage
24/10/2018 18:53:50 (Std) 	[ImageManager] Created image: 'TaharezLook/HeaderBarBackdropHover' (0x366bfa0) of type: BasicImage
24/10/2018 18:53:50 (Std) 	[ImageManager] Created image: 'TaharezLook/HeaderBarSplitterNormal' (0x366c2f0) of type: BasicImage
24/10/2018 18:53:50 (Std) 	[ImageManager] Created image: 'TaharezLook/HeaderBarSplitterHover' (0x366c640) of type: BasicImage
24/10/2018 18:53:50 (Std) 	[ImageManager] Created image: 'TaharezLook/HeaderBarSortUp' (0x366c990) of type: BasicImage
24/10/2018 18:53:50 (Std) 	[ImageManager] Created image: 'TaharezLook/HeaderBarSortDown' (0x366cba0) of type: BasicImage
24/10/2018 18:53:50 (Std) 	[ImageManager] Created image: 'TaharezLook/MultiListLeft' (0x366cdb0) of type: BasicImage
24/10/2018 18:53:50 (Std) 	[ImageManager] Created image: 'TaharezLook/MultiListRight' (0x366cfc0) of type: BasicImage
24/10/2018 18:53:50 (Std) 	[ImageManager] Created image: 'TaharezLook/MultiListTop' (0x366d1d0) of type: BasicImage
24/10/2018 18:53:50 (Std) 	[ImageManager] Created image: 'TaharezLook/MultiListBottom' (0x366d3e0) of type: BasicImage
24/10/2018 18:53:50 (Std) 	[ImageManager] Created image: 'TaharezLook/MultiListTopLeft' (0x366d5f0) of type: BasicImage
24/10/2018 18:53:50 (Std) 	[ImageManager] Created image: 'TaharezLook/MultiListTopRight' (0x366d800) of type: BasicImage
24/10/2018 18:53:50 (Std) 	[ImageManager] Created image: 'TaharezLook/MultiListBottomLeft' (0x366da10) of type: BasicImage
24/10/2018 18:53:50 (Std) 	[ImageManager] Created image: 'TaharezLook/MultiListBottomRight' (0x366dc20) of type: BasicImage
24/10/2018 18:53:50 (Std) 	[ImageManager] Created image: 'TaharezLook/MultiListBackdrop' (0x366df50) of type: BasicImage
24/10/2018 18:53:50 (Std) 	[ImageManager] Created image: 'TaharezLook/MultiListSelectionBrush' (0x366e160) of type: BasicImage
24/10/2018 18:53:50 (Std) 	[ImageManager] Created image: 'TaharezLook/AltProgressLeft' (0x366e4b0) of type: BasicImage
24/10/2018 18:53:50 (Std) 	[ImageManager] Created image: 'TaharezLook/AltProgressMiddle' (0x366e6c0) of type: BasicImage
24/10/2018 18:53:50 (Std) 	[ImageManager] Created image: 'TaharezLook/AltProgressRight' (0x366e8d0) of type: BasicImage
24/10/2018 18:53:50 (Std) 	[ImageManager] Created image: 'TaharezLook/AltProgressQuarter' (0x366eae0) of type: BasicImage
24/10/2018 18:53:50 (Std) 	[ImageManager] Created image: 'TaharezLook/AltProgressHalf' (0x366ecf0) of type: BasicImage
24/10/2018 18:53:50 (Std) 	[ImageManager] Created image: 'TaharezLook/AltProgressLight1' (0x366ef00) of type: BasicImage
24/10/2018 18:53:50 (Std) 	[ImageManager] Created image: 'TaharezLook/AltProgressLight2' (0x366f110) of type: BasicImage
24/10/2018 18:53:50 (Std) 	[ImageManager] Created image: 'TaharezLook/AltProgressLight3' (0x366f320) of type: BasicImage
24/10/2018 18:53:50 (Std) 	[ImageManager] Created image: 'TaharezLook/AltProgressLight4' (0x366f530) of type: BasicImage
24/10/2018 18:53:50 (Std) 	[ImageManager] Created image: 'TaharezLook/AltProgressLight5' (0x366f740) of type: BasicImage
24/10/2018 18:53:50 (Std) 	[ImageManager] Created image: 'TaharezLook/AltProgressLight6' (0x366f950) of type: BasicImage
24/10/2018 18:53:50 (Std) 	[ImageManager] Created image: 'TaharezLook/AltProgressLight7' (0x366fb60) of type: BasicImage
24/10/2018 18:53:50 (Std) 	[ImageManager] Created image: 'TaharezLook/AltProgressLight8' (0x366fd70) of type: BasicImage
24/10/2018 18:53:50 (Std) 	[ImageManager] Created image: 'TaharezLook/AltProgressLight9' (0x366ff80) of type: BasicImage
24/10/2018 18:53:50 (Std) 	[ImageManager] Created image: 'TaharezLook/AltProgressLight10' (0x3670190) of type: BasicImage
24/10/2018 18:53:50 (Std) 	[ImageManager] Created image: 'TaharezLook/CloseButtonNormal' (0x36703a0) of type: BasicImage
24/10/2018 18:53:50 (Std) 	[ImageManager] Created image: 'TaharezLook/CloseButtonHover' (0x36705b0) of type: BasicImage
24/10/2018 18:53:50 (Std) 	[ImageManager] Created image: 'TaharezLook/CloseButtonPressed' (0x36707c0) of type: BasicImage
24/10/2018 18:53:50 (Std) 	[ImageManager] Created image: 'TaharezLook/NewCloseButtonNormal' (0x36709d0) of type: BasicImage
24/10/2018 18:53:50 (Std) 	[ImageManager] Created image: 'TaharezLook/NewCloseButtonHover' (0x3670d00) of type: BasicImage
24/10/2018 18:53:50 (Std) 	[ImageManager] Created image: 'TaharezLook/NewCloseButtonPressed' (0x3670f10) of type: BasicImage
24/10/2018 18:53:50 (Std) 	[ImageManager] Created image: 'TaharezLook/MultiLineEditboxLeft' (0x3671240) of type: BasicImage
24/10/2018 18:53:50 (Std) 	[ImageManager] Created image: 'TaharezLook/MultiLineEditboxRight' (0x3671570) of type: BasicImage
24/10/2018 18:53:50 (Std) 	[ImageManager] Created image: 'TaharezLook/MultiLineEditboxTop' (0x36718a0) of type: BasicImage
24/10/2018 18:53:50 (Std) 	[ImageManager] Created image: 'TaharezLook/MultiLineEditboxBottom' (0x3671ab0) of type: BasicImage
24/10/2018 18:53:50 (Std) 	[ImageManager] Created image: 'TaharezLook/MultiLineEditboxTopLeft' (0x3671e00) of type: BasicImage
24/10/2018 18:53:50 (Std) 	[ImageManager] Created image: 'TaharezLook/MultiLineEditboxTopRight' (0x3672150) of type: BasicImage
24/10/2018 18:53:50 (Std) 	[ImageManager] Created image: 'TaharezLook/MultiLineEditboxBottomLeft' (0x36724a0) of type: BasicImage
24/10/2018 18:53:50 (Std) 	[ImageManager] Created image: 'TaharezLook/MultiLineEditboxBottomRight' (0x3672810) of type: BasicImage
24/10/2018 18:53:50 (Std) 	[ImageManager] Created image: 'TaharezLook/MultiLineEditboxBackdrop' (0x3672b80) of type: BasicImage
24/10/2018 18:53:50 (Std) 	[ImageManager] Created image: 'TaharezLook/MultiLineEditboxSelectionBrush' (0x3672ed0) of type: BasicImage
24/10/2018 18:53:50 (Std) 	[ImageManager] Created image: 'TaharezLook/MouseTarget' (0x36738a0) of type: BasicImage
24/10/2018 18:53:50 (Std) 	[ImageManager] Created image: 'TaharezLook/MouseArrow' (0x3673260) of type: BasicImage
24/10/2018 18:53:50 (Std) 	[ImageManager] Created image: 'TaharezLook/MouseMoveCursor' (0x3673dd0) of type: BasicImage
24/10/2018 18:53:50 (Std) 	[ImageManager] Created image: 'TaharezLook/MouseNoSoCursor' (0x3673fe0) of type: BasicImage
24/10/2018 18:53:50 (Std) 	[ImageManager] Created image: 'TaharezLook/MouseEsWeCursor' (0x36741f0) of type: BasicImage
24/10/2018 18:53:50 (Std) 	[ImageManager] Created image: 'TaharezLook/MouseNeSwCursor' (0x3674400) of type: BasicImage
24/10/2018 18:53:50 (Std) 	[ImageManager] Created image: 'TaharezLook/MouseNwSeCursor' (0x3674610) of type: BasicImage
24/10/2018 18:53:50 (Std) 	[ImageManager] Created image: 'TaharezLook/MouseTextBar' (0x3674820) of type: BasicImage
24/10/2018 18:53:50 (Std) 	[ImageManager] Created image: 'TaharezLook/TabHorizontalFiller' (0x364cdc0) of type: BasicImage
24/10/2018 18:53:50 (Std) 	[ImageManager] Created image: 'TaharezLook/TabContentPaneUpperLeft' (0x364cfd0) of type: BasicImage
24/10/2018 18:53:50 (Std) 	[ImageManager] Created image: 'TaharezLook/TabContentPaneUpper' (0x3673470) of type: BasicImage
24/10/2018 18:53:50 (Std) 	[ImageManager] Created image: 'TaharezLook/TabContentPaneUpperRight' (0x379a5b0) of type: BasicImage
24/10/2018 18:53:50 (Std) 	[ImageManager] Created image: 'TaharezLook/TabContentPaneLeft' (0x3674bc0) of type: BasicImage
24/10/2018 18:53:50 (Std) 	[ImageManager] Created image: 'TaharezLook/TabContentPaneRight' (0x3674dd0) of type: BasicImage
24/10/2018 18:53:50 (Std) 	[ImageManager] Created image: 'TaharezLook/TabContentPaneLower' (0x3674fe0) of type: BasicImage
24/10/2018 18:53:50 (Std) 	[ImageManager] Created image: 'TaharezLook/TabContentPaneLowerLeft' (0x36751f0) of type: BasicImage
24/10/2018 18:53:50 (Std) 	[ImageManager] Created image: 'TaharezLook/TabContentPaneLowerRight' (0x36755e0) of type: BasicImage
24/10/2018 18:53:50 (Std) 	[ImageManager] Created image: 'TaharezLook/TabContentPaneMiddle' (0x3675930) of type: BasicImage
24/10/2018 18:53:50 (Std) 	[ImageManager] Created image: 'TaharezLook/TabButtonScrollLeftNormal' (0x3675bd0) of type: BasicImage
24/10/2018 18:53:50 (Std) 	[ImageManager] Created image: 'TaharezLook/TabButtonScrollRightNormal' (0x3675f20) of type: BasicImage
24/10/2018 18:53:50 (Std) 	[ImageManager] Created image: 'TaharezLook/TabButtonScrollLeftHover' (0x3676340) of type: BasicImage
24/10/2018 18:53:50 (Std) 	[ImageManager] Created image: 'TaharezLook/TabButtonScrollRightHover' (0x3676690) of type: BasicImage
24/10/2018 18:53:50 (Std) 	[ImageManager] Created image: 'TaharezLook/TabButtonLeftNormal' (0x36769e0) of type: BasicImage
24/10/2018 18:53:50 (Std) 	[ImageManager] Created image: 'TaharezLook/TabButtonRightNormal' (0x3676bf0) of type: BasicImage
24/10/2018 18:53:50 (Std) 	[ImageManager] Created image: 'TaharezLook/TabButtonUpperNormal' (0x3676f20) of type: BasicImage
24/10/2018 18:53:50 (Std) 	[ImageManager] Created image: 'TaharezLook/TabButtonLowerNormal' (0x3677250) of type: BasicImage
24/10/2018 18:53:50 (Std) 	[ImageManager] Created image: 'TaharezLook/TabButtonUpperLeftNormal' (0x3677580) of type: BasicImage
24/10/2018 18:53:50 (Std) 	[ImageManager] Created image: 'TaharezLook/TabButtonUpperLeft2Normal' (0x36425e0) of type: BasicImage
24/10/2018 18:53:50 (Std) 	[ImageManager] Created image: 'TaharezLook/TabButtonUpperRightNormal' (0x3826150) of type: BasicImage
24/10/2018 18:53:50 (Std) 	[ImageManager] Created image: 'TaharezLook/TabButtonLowerLeftNormal' (0x3826360) of type: BasicImage
24/10/2018 18:53:50 (Std) 	[ImageManager] Created image: 'TaharezLook/TabButtonLowerRightNormal' (0x3826610) of type: BasicImage
24/10/2018 18:53:50 (Std) 	[ImageManager] Created image: 'TaharezLook/TabButtonLowerRight2Normal' (0x3826c80) of type: BasicImage
24/10/2018 18:53:50 (Std) 	[ImageManager] Created image: 'TaharezLook/TabButtonMiddleNormal' (0x363d9c0) of type: BasicImage
24/10/2018 18:53:50 (Std) 	[ImageManager] Created image: 'TaharezLook/TabButtonLeftSelected' (0x3827030) of type: BasicImage
24/10/2018 18:53:50 (Std) 	[ImageManager] Created image: 'TaharezLook/TabButtonRightSelected' (0x38273d0) of type: BasicImage
24/10/2018 18:53:50 (Std) 	[ImageManager] Created image: 'TaharezLook/TabButtonUpperSelected' (0x3827720) of type: BasicImage
24/10/2018 18:53:50 (Std) 	[ImageManager] Created image: 'TaharezLook/TabButtonLowerSelected' (0x3827a70) of type: BasicImage
24/10/2018 18:53:50 (Std) 	[ImageManager] Created image: 'TaharezLook/TabButtonUpperLeftSelected' (0x38280e0) of type: BasicImage
24/10/2018 18:53:50 (Std) 	[ImageManager] Created image: 'TaharezLook/TabButtonUpperRightSelected' (0x38283a0) of type: BasicImage
24/10/2018 18:53:50 (Std) 	[ImageManager] Created image: 'TaharezLook/TabButtonLowerLeftSelected' (0x3828710) of type: BasicImage
24/10/2018 18:53:50 (Std) 	[ImageManager] Created image: 'TaharezLook/TabButtonLowerRightSelected' (0x3828a80) of type: BasicImage
24/10/2018 18:53:50 (Std) 	[ImageManager] Created image: 'TaharezLook/TabButtonMiddleSelected' (0x3828df0) of type: BasicImage
24/10/2018 18:53:50 (Std) 	[ImageManager] Created image: 'TaharezLook/TooltipTopLeft' (0x3829000) of type: BasicImage
24/10/2018 18:53:50 (Std) 	[ImageManager] Created image: 'TaharezLook/TooltipTopRight' (0x3829210) of type: BasicImage
24/10/2018 18:53:50 (Std) 	[ImageManager] Created image: 'TaharezLook/TooltipBottomLeft' (0x3829420) of type: BasicImage
24/10/2018 18:53:50 (Std) 	[ImageManager] Created image: 'TaharezLook/TooltipBottomRight' (0x3829630) of type: BasicImage
24/10/2018 18:53:50 (Std) 	[ImageManager] Created image: 'TaharezLook/TooltipLeftEdge' (0x3829840) of type: BasicImage
24/10/2018 18:53:50 (Std) 	[ImageManager] Created image: 'TaharezLook/TooltipRightEdge' (0x3829a50) of type: BasicImage
24/10/2018 18:53:50 (Std) 	[ImageManager] Created image: 'TaharezLook/TooltipTopEdge' (0x3829c60) of type: BasicImage
24/10/2018 18:53:50 (Std) 	[ImageManager] Created image: 'TaharezLook/TooltipBottomEdge' (0x3829e70) of type: BasicImage
24/10/2018 18:53:50 (Std) 	[ImageManager] Created image: 'TaharezLook/TooltipMiddle' (0x382a080) of type: BasicImage
24/10/2018 18:53:50 (Std) 	[ImageManager] Created image: 'TaharezLook/MenuTopLeft' (0x382a290) of type: BasicImage
24/10/2018 18:53:50 (Std) 	[ImageManager] Created image: 'TaharezLook/MenuTopRight' (0x382a4a0) of type: BasicImage
24/10/2018 18:53:50 (Std) 	[ImageManager] Created image: 'TaharezLook/MenuBottomLeft' (0x382a6b0) of type: BasicImage
24/10/2018 18:53:50 (Std) 	[ImageManager] Created image: 'TaharezLook/MenuBottomRight' (0x382a8c0) of type: BasicImage
24/10/2018 18:53:50 (Std) 	[ImageManager] Created image: 'TaharezLook/MenuLeft' (0x382aad0) of type: BasicImage
24/10/2018 18:53:50 (Std) 	[ImageManager] Created image: 'TaharezLook/MenuRight' (0x382ace0) of type: BasicImage
24/10/2018 18:53:50 (Std) 	[ImageManager] Created image: 'TaharezLook/MenuTop' (0x382aef0) of type: BasicImage
24/10/2018 18:53:50 (Std) 	[ImageManager] Created image: 'TaharezLook/MenuBottom' (0x382b100) of type: BasicImage
24/10/2018 18:53:50 (Std) 	[ImageManager] Created image: 'TaharezLook/MenuMiddle' (0x382b310) of type: BasicImage
24/10/2018 18:53:50 (Std) 	[ImageManager] Created image: 'TaharezLook/PopupMenuFrameTopLeft' (0x382b520) of type: BasicImage
24/10/2018 18:53:50 (Std) 	[ImageManager] Created image: 'TaharezLook/PopupMenuFrameTopRight' (0x382b730) of type: BasicImage
24/10/2018 18:53:50 (Std) 	[ImageManager] Created image: 'TaharezLook/PopupMenuFrameBottomLeft' (0x382bb20) of type: BasicImage
24/10/2018 18:53:50 (Std) 	[ImageManager] Created image: 'TaharezLook/PopupMenuFrameBottomRight' (0x382be70) of type: BasicImage
24/10/2018 18:53:50 (Std) 	[ImageManager] Created image: 'TaharezLook/PopupMenuFrameLeft' (0x382c1c0) of type: BasicImage
24/10/2018 18:53:50 (Std) 	[ImageManager] Created image: 'TaharezLook/PopupMenuFrameRight' (0x382c3d0) of type: BasicImage
24/10/2018 18:53:50 (Std) 	[ImageManager] Created image: 'TaharezLook/PopupMenuFrameTop' (0x382c5e0) of type: BasicImage
24/10/2018 18:53:50 (Std) 	[ImageManager] Created image: 'TaharezLook/PopupMenuFrameBottom' (0x382c7f0) of type: BasicImage
24/10/2018 18:53:50 (Std) 	[ImageManager] Created image: 'TaharezLook/PopupMenuMiddle' (0x382ca00) of type: BasicImage
24/10/2018 18:53:50 (Std) 	[ImageManager] Created image: 'TaharezLook/PopupMenuArrowRight' (0x382cc10) of type: BasicImage
24/10/2018 18:53:50 (Std) 	[ImageManager] Created image: 'TaharezLook/PopupMenuArrowLeft' (0x382ce20) of type: BasicImage
24/10/2018 18:53:50 (Std) 	[ImageManager] Created image: 'TaharezLook/TreeListClosed' (0x382d030) of type: BasicImage
24/10/2018 18:53:50 (Std) 	[ImageManager] Created image: 'TaharezLook/TreeListOpened' (0x382d240) of type: BasicImage
24/10/2018 18:53:50 (Std) 	[ImageManager] Created image: 'TaharezLook/UpArrow' (0x382d450) of type: BasicImage
24/10/2018 18:53:50 (Std) 	---- Returning existing instance of Font named 'DejaVuSans-12'.
24/10/2018 18:53:50 (Std) 	===== Falagard 'root' element: look and feel parsing begins =====
24/10/2018 18:53:50 (Std) 	===== Look and feel parsing completed =====
24/10/2018 18:53:50 (Std) 	No window renderer factories specified for module 'CEGUICoreWindowRendererSet' - adding all available factories...
24/10/2018 18:53:50 (Std) 	Creating falagard mapping for type 'TaharezLook/Label' using base type 'DefaultWindow', window renderer 'Core/Default' Look'N'Feel 'TaharezLook/Label' and RenderEffect ''. (0x7ffccb414700)
24/10/2018 18:53:50 (Std) 	Creating falagard mapping for type 'TaharezLook/Button' using base type 'CEGUI/PushButton', window renderer 'Core/Button' Look'N'Feel 'TaharezLook/Button' and RenderEffect ''. (0x7ffccb414700)
24/10/2018 18:53:50 (Std) 	Creating falagard mapping for type 'TaharezLook/Checkbox' using base type 'CEGUI/ToggleButton', window renderer 'Core/ToggleButton' Look'N'Feel 'TaharezLook/Checkbox' and RenderEffect ''. (0x7ffccb414700)
24/10/2018 18:53:50 (Std) 	Creating falagard mapping for type 'TaharezLook/ImageButton' using base type 'CEGUI/PushButton', window renderer 'Core/Button' Look'N'Feel 'TaharezLook/ImageButton' and RenderEffect ''. (0x7ffccb414700)
24/10/2018 18:53:50 (Std) 	Creating falagard mapping for type 'TaharezLook/RadioButton' using base type 'CEGUI/RadioButton', window renderer 'Core/ToggleButton' Look'N'Feel 'TaharezLook/RadioButton' and RenderEffect ''. (0x7ffccb414700)
24/10/2018 18:53:50 (Std) 	Creating falagard mapping for type 'TaharezLook/FrameWindow' using base type 'CEGUI/FrameWindow', window renderer 'Core/FrameWindow' Look'N'Feel 'TaharezLook/FrameWindow' and RenderEffect ''. (0x7ffccb414700)
24/10/2018 18:53:50 (Std) 	Creating falagard mapping for type 'TaharezLook/Titlebar' using base type 'CEGUI/Titlebar', window renderer 'Core/Titlebar' Look'N'Feel 'TaharezLook/Titlebar' and RenderEffect ''. (0x7ffccb414700)
24/10/2018 18:53:50 (Std) 	Creating falagard mapping for type 'TaharezLook/Editbox' using base type 'CEGUI/Editbox', window renderer 'Core/Editbox' Look'N'Feel 'TaharezLook/Editbox' and RenderEffect ''. (0x7ffccb414700)
24/10/2018 18:53:50 (Std) 	Creating falagard mapping for type 'TaharezLook/MultiLineEditbox' using base type 'CEGUI/MultiLineEditbox', window renderer 'Core/MultiLineEditbox' Look'N'Feel 'TaharezLook/MultiLineEditbox' and RenderEffect ''. (0x7ffccb414700)
24/10/2018 18:53:50 (Std) 	Creating falagard mapping for type 'TaharezLook/Menubar' using base type 'CEGUI/Menubar', window renderer 'Core/Menubar' Look'N'Feel 'TaharezLook/Menubar' and RenderEffect ''. (0x7ffccb414700)
24/10/2018 18:53:50 (Std) 	Creating falagard mapping for type 'TaharezLook/PopupMenu' using base type 'CEGUI/PopupMenu', window renderer 'Core/PopupMenu' Look'N'Feel 'TaharezLook/PopupMenu' and RenderEffect ''. (0x7ffccb414700)
24/10/2018 18:53:50 (Std) 	Creating falagard mapping for type 'TaharezLook/MenuItem' using base type 'CEGUI/MenuItem', window renderer 'Core/MenuItem' Look'N'Feel 'TaharezLook/MenuItem' and RenderEffect ''. (0x7ffccb414700)
24/10/2018 18:53:50 (Std) 	Creating falagard mapping for type 'TaharezLook/AlternateProgressBar' using base type 'CEGUI/ProgressBar', window renderer 'Core/ProgressBar' Look'N'Feel 'TaharezLook/AltProgressBar' and RenderEffect ''. (0x7ffccb414700)
24/10/2018 18:53:50 (Std) 	Creating falagard mapping for type 'TaharezLook/ProgressBar' using base type 'CEGUI/ProgressBar', window renderer 'Core/ProgressBar' Look'N'Feel 'TaharezLook/ProgressBar' and RenderEffect ''. (0x7ffccb414700)
24/10/2018 18:53:50 (Std) 	Creating falagard mapping for type 'TaharezLook/VUMeter' using base type 'CEGUI/ProgressBar', window renderer 'Core/ProgressBar' Look'N'Feel 'TaharezLook/VUMeter' and RenderEffect ''. (0x7ffccb414700)
24/10/2018 18:53:50 (Std) 	Creating falagard mapping for type 'TaharezLook/VerticalScrollbar' using base type 'CEGUI/Scrollbar', window renderer 'Core/Scrollbar' Look'N'Feel 'TaharezLook/VerticalScrollbar' and RenderEffect ''. (0x7ffccb414700)
24/10/2018 18:53:50 (Std) 	Creating falagard mapping for type 'TaharezLook/HorizontalScrollbar' using base type 'CEGUI/Scrollbar', window renderer 'Core/Scrollbar' Look'N'Feel 'TaharezLook/HorizontalScrollbar' and RenderEffect ''. (0x7ffccb414700)
24/10/2018 18:53:50 (Std) 	Creating falagard mapping for type 'TaharezLook/VerticalScrollbarThumb' using base type 'CEGUI/Thumb', window renderer 'Core/Button' Look'N'Feel 'TaharezLook/VerticalScrollbarThumb' and RenderEffect ''. (0x7ffccb414700)
24/10/2018 18:53:50 (Std) 	Creating falagard mapping for type 'TaharezLook/HorizontalScrollbarThumb' using base type 'CEGUI/Thumb', window renderer 'Core/Button' Look'N'Feel 'TaharezLook/HorizontalScrollbarThumb' and RenderEffect ''. (0x7ffccb414700)
24/10/2018 18:53:50 (Std) 	Creating falagard mapping for type 'TaharezLook/LargeVerticalScrollbar' using base type 'CEGUI/Scrollbar', window renderer 'Core/Scrollbar' Look'N'Feel 'TaharezLook/LargeVerticalScrollbar' and RenderEffect ''. (0x7ffccb414700)
24/10/2018 18:53:50 (Std) 	Creating falagard mapping for type 'TaharezLook/LargeVerticalScrollbarThumb' using base type 'CEGUI/Thumb', window renderer 'Core/Button' Look'N'Feel 'TaharezLook/LargeVerticalScrollbarThumb' and RenderEffect ''. (0x7ffccb414700)
24/10/2018 18:53:50 (Std) 	Creating falagard mapping for type 'TaharezLook/TabButton' using base type 'CEGUI/TabButton', window renderer 'Core/TabButton' Look'N'Feel 'TaharezLook/TabButton' and RenderEffect ''. (0x7ffccb414700)
24/10/2018 18:53:50 (Std) 	Creating falagard mapping for type 'TaharezLook/TabControl' using base type 'CEGUI/TabControl', window renderer 'Core/TabControl' Look'N'Feel 'TaharezLook/TabControl' and RenderEffect ''. (0x7ffccb414700)
24/10/2018 18:53:50 (Std) 	Creating falagard mapping for type 'TaharezLook/TabContentPane' using base type 'DefaultWindow', window renderer 'Core/Default' Look'N'Feel 'TaharezLook/TabContentPane' and RenderEffect ''. (0x7ffccb414700)
24/10/2018 18:53:50 (Std) 	Creating falagard mapping for type 'TaharezLook/TabButtonPane' using base type 'DefaultWindow', window renderer 'Core/Default' Look'N'Feel 'TaharezLook/TabButtonPane' and RenderEffect ''. (0x7ffccb414700)
24/10/2018 18:53:50 (Std) 	Creating falagard mapping for type 'TaharezLook/ComboDropList' using base type 'CEGUI/ComboDropList', window renderer 'Core/Listbox' Look'N'Feel 'TaharezLook/ComboDropList' and RenderEffect ''. (0x7ffccb414700)
24/10/2018 18:53:50 (Std) 	Creating falagard mapping for type 'TaharezLook/ComboEditbox' using base type 'CEGUI/Editbox', window renderer 'Core/Editbox' Look'N'Feel 'TaharezLook/ComboEditbox' and RenderEffect ''. (0x7ffccb414700)
24/10/2018 18:53:50 (Std) 	Creating falagard mapping for type 'TaharezLook/Combobox' using base type 'CEGUI/Combobox', window renderer 'Core/Default' Look'N'Feel 'TaharezLook/Combobox' and RenderEffect ''. (0x7ffccb414700)
24/10/2018 18:53:50 (Std) 	Creating falagard mapping for type 'TaharezLook/Listbox' using base type 'CEGUI/Listbox', window renderer 'Core/Listbox' Look'N'Feel 'TaharezLook/Listbox' and RenderEffect ''. (0x7ffccb414700)
24/10/2018 18:53:50 (Std) 	Creating falagard mapping for type 'TaharezLook/ListHeader' using base type 'CEGUI/ListHeader', window renderer 'Core/ListHeader' Look'N'Feel 'TaharezLook/ListHeader' and RenderEffect ''. (0x7ffccb414700)
24/10/2018 18:53:50 (Std) 	Creating falagard mapping for type 'TaharezLook/ListHeaderSegment' using base type 'CEGUI/ListHeaderSegment', window renderer 'Core/ListHeaderSegment' Look'N'Feel 'TaharezLook/ListHeaderSegment' and RenderEffect ''. (0x7ffccb414700)
24/10/2018 18:53:50 (Std) 	Creating falagard mapping for type 'TaharezLook/MultiColumnList' using base type 'CEGUI/MultiColumnList', window renderer 'Core/MultiColumnList' Look'N'Feel 'TaharezLook/MultiColumnList' and RenderEffect ''. (0x7ffccb414700)
24/10/2018 18:53:50 (Std) 	Creating falagard mapping for type 'TaharezLook/Slider' using base type 'CEGUI/Slider', window renderer 'Core/Slider' Look'N'Feel 'TaharezLook/Slider' and RenderEffect ''. (0x7ffccb414700)
24/10/2018 18:53:50 (Std) 	Creating falagard mapping for type 'TaharezLook/SliderThumb' using base type 'CEGUI/Thumb', window renderer 'Core/Button' Look'N'Feel 'TaharezLook/SliderThumb' and RenderEffect ''. (0x7ffccb414700)
24/10/2018 18:53:50 (Std) 	Creating falagard mapping for type 'TaharezLook/ScrollablePane' using base type 'CEGUI/ScrollablePane', window renderer 'Core/ScrollablePane' Look'N'Feel 'TaharezLook/ScrollablePane' and RenderEffect ''. (0x7ffccb414700)
24/10/2018 18:53:50 (Std) 	Creating falagard mapping for type 'TaharezLook/Spinner' using base type 'CEGUI/Spinner', window renderer 'Core/Default' Look'N'Feel 'TaharezLook/Spinner' and RenderEffect ''. (0x7ffccb414700)
24/10/2018 18:53:50 (Std) 	Creating falagard mapping for type 'TaharezLook/Tooltip' using base type 'CEGUI/Tooltip', window renderer 'Core/Tooltip' Look'N'Feel 'TaharezLook/Tooltip' and RenderEffect ''. (0x7ffccb414700)
24/10/2018 18:53:50 (Std) 	Creating falagard mapping for type 'TaharezLook/StaticImage' using base type 'DefaultWindow', window renderer 'Core/StaticImage' Look'N'Feel 'TaharezLook/StaticImage' and RenderEffect ''. (0x7ffccb414700)
24/10/2018 18:53:50 (Std) 	Creating falagard mapping for type 'TaharezLook/StaticText' using base type 'DefaultWindow', window renderer 'Core/StaticText' Look'N'Feel 'TaharezLook/StaticText' and RenderEffect ''. (0x7ffccb414700)
24/10/2018 18:53:50 (Std) 	Creating falagard mapping for type 'TaharezLook/ItemListbox' using base type 'CEGUI/ItemListbox', window renderer 'Core/ItemListbox' Look'N'Feel 'TaharezLook/ItemListbox' and RenderEffect ''. (0x7ffccb414700)
24/10/2018 18:53:50 (Std) 	Creating falagard mapping for type 'TaharezLook/ListboxItem' using base type 'CEGUI/ItemEntry', window renderer 'Core/ItemEntry' Look'N'Feel 'TaharezLook/ListboxItem' and RenderEffect ''. (0x7ffccb414700)
24/10/2018 18:53:50 (Std) 	Creating falagard mapping for type 'TaharezLook/GroupBox' using base type 'DefaultWindow', window renderer 'Core/Default' Look'N'Feel 'TaharezLook/GroupBox' and RenderEffect ''. (0x7ffccb414700)
24/10/2018 18:53:50 (Std) 	Creating falagard mapping for type 'TaharezLook/Tree' using base type 'CEGUI/Tree', window renderer 'Core/Tree' Look'N'Feel 'TaharezLook/Tree' and RenderEffect ''. (0x7ffccb414700)
24/10/2018 18:53:50 (Std) 	[OgreRenderer] Created texture: DejaVuSans-12_auto_glyph_images_32
