This file contains any messages produced by compilers while
running configure, to aid debugging if configure makes a mistake.

It was created by configure, which was
generated by GNU Autoconf 2.69.  Invocation command line was

  $ ./configure 

## --------- ##
## Platform. ##
## --------- ##

hostname = corona-borealis
uname -m = x86_64
uname -r = 4.4.0-137-generic
uname -s = Linux
uname -v = #163-Ubuntu SMP Mon Sep 24 13:14:43 UTC 2018

/usr/bin/uname -p = unknown
/bin/uname -X     = unknown

/bin/arch              = unknown
/usr/bin/arch -k       = unknown
/usr/convex/getsysinfo = unknown
/usr/bin/hostinfo      = unknown
/bin/machine           = unknown
/usr/bin/oslevel       = unknown
/bin/universe          = unknown

PATH: /lusr/opt/pintos/
PATH: /lusr/opt/bochs-2.2.6-pintos/bin/
PATH: /lusr/bin
PATH: /sbin
PATH: /bin
PATH: /usr/sbin
PATH: /usr/bin
PATH: /usr/games
PATH: /usr/bin/mh
PATH: /lusr/share/hosts
PATH: /lusr/bin/tex
PATH: /lusr/games/bin
PATH: /lusr/opt/condor/bin
PATH: .


## ----------- ##
## Core tests. ##
## ----------- ##

configure:2356: checking for a BSD-compatible install
configure:2424: result: /usr/bin/install -c
configure:2435: checking whether build environment is sane
configure:2490: result: yes
configure:2641: checking for a thread-safe mkdir -p
configure:2680: result: /bin/mkdir -p
configure:2687: checking for gawk
configure:2703: found /usr/bin/gawk
configure:2714: result: gawk
configure:2725: checking whether make sets $(MAKE)
configure:2747: result: yes
configure:2776: checking whether make supports nested variables
configure:2793: result: yes
configure:2987: checking for g++
configure:3003: found /usr/bin/g++
configure:3014: result: g++
configure:3041: checking for C++ compiler version
configure:3050: g++ --version >&5
g++ (Ubuntu 5.4.0-6ubuntu1~16.04.10) 5.4.0 20160609
Copyright (C) 2015 Free Software Foundation, Inc.
This is free software; see the source for copying conditions.  There is NO
warranty; not even for MERCHANTABILITY or FITNESS FOR A PARTICULAR PURPOSE.

configure:3061: $? = 0
configure:3050: g++ -v >&5
Using built-in specs.
COLLECT_GCC=g++
COLLECT_LTO_WRAPPER=/usr/lib/gcc/x86_64-linux-gnu/5/lto-wrapper
Target: x86_64-linux-gnu
Configured with: ../src/configure -v --with-pkgversion='Ubuntu 5.4.0-6ubuntu1~16.04.10' --with-bugurl=file:///usr/share/doc/gcc-5/README.Bugs --enable-languages=c,ada,c++,java,go,d,fortran,objc,obj-c++ --prefix=/usr --program-suffix=-5 --enable-shared --enable-linker-build-id --libexecdir=/usr/lib --without-included-gettext --enable-threads=posix --libdir=/usr/lib --enable-nls --with-sysroot=/ --enable-clocale=gnu --enable-libstdcxx-debug --enable-libstdcxx-time=yes --with-default-libstdcxx-abi=new --enable-gnu-unique-object --disable-vtable-verify --enable-libmpx --enable-plugin --with-system-zlib --disable-browser-plugin --enable-java-awt=gtk --enable-gtk-cairo --with-java-home=/usr/lib/jvm/java-1.5.0-gcj-5-amd64/jre --enable-java-home --with-jvm-root-dir=/usr/lib/jvm/java-1.5.0-gcj-5-amd64 --with-jvm-jar-dir=/usr/lib/jvm-exports/java-1.5.0-gcj-5-amd64 --with-arch-directory=amd64 --with-ecj-jar=/usr/share/java/eclipse-ecj.jar --enable-objc-gc --enable-multiarch --disable-werror --with-arch-32=i686 --with-abi=m64 --with-multilib-list=m32,m64,mx32 --enable-multilib --with-tune=generic --enable-checking=release --build=x86_64-linux-gnu --host=x86_64-linux-gnu --target=x86_64-linux-gnu
Thread model: posix
gcc version 5.4.0 20160609 (Ubuntu 5.4.0-6ubuntu1~16.04.10) 
configure:3061: $? = 0
configure:3050: g++ -V >&5
g++: error: unrecognized command line option '-V'
g++: fatal error: no input files
compilation terminated.
configure:3061: $? = 1
configure:3050: g++ -qversion >&5
g++: error: unrecognized command line option '-qversion'
g++: fatal error: no input files
compilation terminated.
configure:3061: $? = 1
configure:3081: checking whether the C++ compiler works
configure:3103: g++    conftest.cpp  >&5
configure:3107: $? = 0
configure:3155: result: yes
configure:3158: checking for C++ compiler default output file name
configure:3160: result: a.out
configure:3166: checking for suffix of executables
configure:3173: g++ -o conftest    conftest.cpp  >&5
configure:3177: $? = 0
configure:3199: result: 
configure:3221: checking whether we are cross compiling
configure:3229: g++ -o conftest    conftest.cpp  >&5
configure:3233: $? = 0
configure:3240: ./conftest
configure:3244: $? = 0
configure:3259: result: no
configure:3264: checking for suffix of object files
configure:3286: g++ -c   conftest.cpp >&5
configure:3290: $? = 0
configure:3311: result: o
configure:3315: checking whether we are using the GNU C++ compiler
configure:3334: g++ -c   conftest.cpp >&5
configure:3334: $? = 0
configure:3343: result: yes
configure:3352: checking whether g++ accepts -g
configure:3372: g++ -c -g  conftest.cpp >&5
configure:3372: $? = 0
configure:3413: result: yes
configure:3447: checking for style of include used by make
configure:3475: result: GNU
configure:3501: checking dependency style of g++
configure:3612: result: gcc3
configure:3656: checking build system type
configure:3670: result: x86_64-pc-linux-gnu
configure:3690: checking host system type
configure:3703: result: x86_64-pc-linux-gnu
configure:3744: checking how to print strings
configure:3771: result: printf
configure:3840: checking for gcc
configure:3856: found /usr/bin/gcc
configure:3867: result: gcc
configure:4096: checking for C compiler version
configure:4105: gcc --version >&5
gcc (Ubuntu 5.4.0-6ubuntu1~16.04.10) 5.4.0 20160609
Copyright (C) 2015 Free Software Foundation, Inc.
This is free software; see the source for copying conditions.  There is NO
warranty; not even for MERCHANTABILITY or FITNESS FOR A PARTICULAR PURPOSE.

configure:4116: $? = 0
configure:4105: gcc -v >&5
Using built-in specs.
COLLECT_GCC=gcc
COLLECT_LTO_WRAPPER=/usr/lib/gcc/x86_64-linux-gnu/5/lto-wrapper
Target: x86_64-linux-gnu
Configured with: ../src/configure -v --with-pkgversion='Ubuntu 5.4.0-6ubuntu1~16.04.10' --with-bugurl=file:///usr/share/doc/gcc-5/README.Bugs --enable-languages=c,ada,c++,java,go,d,fortran,objc,obj-c++ --prefix=/usr --program-suffix=-5 --enable-shared --enable-linker-build-id --libexecdir=/usr/lib --without-included-gettext --enable-threads=posix --libdir=/usr/lib --enable-nls --with-sysroot=/ --enable-clocale=gnu --enable-libstdcxx-debug --enable-libstdcxx-time=yes --with-default-libstdcxx-abi=new --enable-gnu-unique-object --disable-vtable-verify --enable-libmpx --enable-plugin --with-system-zlib --disable-browser-plugin --enable-java-awt=gtk --enable-gtk-cairo --with-java-home=/usr/lib/jvm/java-1.5.0-gcj-5-amd64/jre --enable-java-home --with-jvm-root-dir=/usr/lib/jvm/java-1.5.0-gcj-5-amd64 --with-jvm-jar-dir=/usr/lib/jvm-exports/java-1.5.0-gcj-5-amd64 --with-arch-directory=amd64 --with-ecj-jar=/usr/share/java/eclipse-ecj.jar --enable-objc-gc --enable-multiarch --disable-werror --with-arch-32=i686 --with-abi=m64 --with-multilib-list=m32,m64,mx32 --enable-multilib --with-tune=generic --enable-checking=release --build=x86_64-linux-gnu --host=x86_64-linux-gnu --target=x86_64-linux-gnu
Thread model: posix
gcc version 5.4.0 20160609 (Ubuntu 5.4.0-6ubuntu1~16.04.10) 
configure:4116: $? = 0
configure:4105: gcc -V >&5
gcc: error: unrecognized command line option '-V'
gcc: fatal error: no input files
compilation terminated.
configure:4116: $? = 1
configure:4105: gcc -qversion >&5
gcc: error: unrecognized command line option '-qversion'
gcc: fatal error: no input files
compilation terminated.
configure:4116: $? = 1
configure:4120: checking whether we are using the GNU C compiler
configure:4139: gcc -c   conftest.c >&5
configure:4139: $? = 0
configure:4148: result: yes
configure:4157: checking whether gcc accepts -g
configure:4177: gcc -c -g  conftest.c >&5
configure:4177: $? = 0
configure:4218: result: yes
configure:4235: checking for gcc option to accept ISO C89
configure:4298: gcc  -c -g -O2  conftest.c >&5
configure:4298: $? = 0
configure:4311: result: none needed
configure:4336: checking whether gcc understands -c and -o together
configure:4358: gcc -c conftest.c -o conftest2.o
configure:4361: $? = 0
configure:4358: gcc -c conftest.c -o conftest2.o
configure:4361: $? = 0
configure:4373: result: yes
configure:4392: checking dependency style of gcc
configure:4503: result: gcc3
configure:4518: checking for a sed that does not truncate output
configure:4582: result: /bin/sed
configure:4600: checking for grep that handles long lines and -e
configure:4658: result: /bin/grep
configure:4663: checking for egrep
configure:4725: result: /bin/grep -E
configure:4730: checking for fgrep
configure:4792: result: /bin/grep -F
configure:4827: checking for ld used by gcc
configure:4894: result: /usr/bin/ld
configure:4901: checking if the linker (/usr/bin/ld) is GNU ld
configure:4916: result: yes
configure:4928: checking for BSD- or MS-compatible name lister (nm)
configure:4982: result: /usr/bin/nm -B
configure:5112: checking the name lister (/usr/bin/nm -B) interface
configure:5119: g++ -c -g -O2  conftest.cpp >&5
configure:5122: /usr/bin/nm -B "conftest.o"
configure:5125: output
0000000000000000 B some_variable
configure:5132: result: BSD nm
configure:5135: checking whether ln -s works
configure:5139: result: yes
configure:5147: checking the maximum length of command line arguments
configure:5278: result: 1572864
configure:5326: checking how to convert x86_64-pc-linux-gnu file names to x86_64-pc-linux-gnu format
configure:5366: result: func_convert_file_noop
configure:5373: checking how to convert x86_64-pc-linux-gnu file names to toolchain format
configure:5393: result: func_convert_file_noop
configure:5400: checking for /usr/bin/ld option to reload object files
configure:5407: result: -r
configure:5481: checking for objdump
configure:5497: found /usr/bin/objdump
configure:5508: result: objdump
configure:5540: checking how to recognize dependent libraries
configure:5740: result: pass_all
configure:5825: checking for dlltool
configure:5855: result: no
configure:5885: checking how to associate runtime and link libraries
configure:5912: result: printf %s\n
configure:5973: checking for ar
configure:5989: found /usr/bin/ar
configure:6000: result: ar
configure:6037: checking for archiver @FILE support
configure:6054: g++ -c -g -O2  conftest.cpp >&5
configure:6054: $? = 0
configure:6057: ar cru libconftest.a @conftest.lst >&5
ar: `u' modifier ignored since `D' is the default (see `U')
configure:6060: $? = 0
configure:6065: ar cru libconftest.a @conftest.lst >&5
ar: `u' modifier ignored since `D' is the default (see `U')
ar: conftest.o: No such file or directory
configure:6068: $? = 1
configure:6080: result: @
configure:6138: checking for strip
configure:6154: found /usr/bin/strip
configure:6165: result: strip
configure:6237: checking for ranlib
configure:6253: found /usr/bin/ranlib
configure:6264: result: ranlib
configure:6366: checking command to parse /usr/bin/nm -B output from gcc object
configure:6519: g++ -c -g -O2  conftest.cpp >&5
configure:6522: $? = 0
configure:6526: /usr/bin/nm -B conftest.o \| sed -n -e 's/^.*[ ]\([ABCDGIRSTW][ABCDGIRSTW]*\)[ ][ ]*\([_A-Za-z][_A-Za-z0-9]*\)$/\1 \2 \2/p' | sed '/ __gnu_lto/d' \> conftest.nm
configure:6529: $? = 0
configure:6595: g++ -o conftest -g -O2   conftest.cpp conftstm.o >&5
configure:6598: $? = 0
configure:6636: result: ok
configure:6683: checking for sysroot
configure:6713: result: no
configure:6720: checking for a working dd
configure:6758: result: /bin/dd
configure:6762: checking how to truncate binary pipes
configure:6777: result: /bin/dd bs=4096 count=1
configure:6914: g++ -c -g -O2  conftest.cpp >&5
configure:6917: $? = 0
configure:7107: checking for mt
configure:7123: found /bin/mt
configure:7134: result: mt
configure:7157: checking if mt is a manifest tool
configure:7163: mt '-?'
configure:7171: result: no
configure:7848: checking how to run the C preprocessor
configure:7879: gcc -E  conftest.c
configure:7879: $? = 0
configure:7893: gcc -E  conftest.c
conftest.c:11:28: fatal error: ac_nonexistent.h: No such file or directory
compilation terminated.
configure:7893: $? = 1
configure: failed program was:
| /* confdefs.h */
| #define PACKAGE_NAME ""
| #define PACKAGE_TARNAME ""
| #define PACKAGE_VERSION ""
| #define PACKAGE_STRING ""
| #define PACKAGE_BUGREPORT ""
| #define PACKAGE_URL ""
| #define PACKAGE "SampleApp"
| #define VERSION "0.1"
| /* end confdefs.h.  */
| #include <ac_nonexistent.h>
configure:7918: result: gcc -E
configure:7938: gcc -E  conftest.c
configure:7938: $? = 0
configure:7952: gcc -E  conftest.c
conftest.c:11:28: fatal error: ac_nonexistent.h: No such file or directory
compilation terminated.
configure:7952: $? = 1
configure: failed program was:
| /* confdefs.h */
| #define PACKAGE_NAME ""
| #define PACKAGE_TARNAME ""
| #define PACKAGE_VERSION ""
| #define PACKAGE_STRING ""
| #define PACKAGE_BUGREPORT ""
| #define PACKAGE_URL ""
| #define PACKAGE "SampleApp"
| #define VERSION "0.1"
| /* end confdefs.h.  */
| #include <ac_nonexistent.h>
configure:7981: checking for ANSI C header files
configure:8001: gcc -c -g -O2  conftest.c >&5
configure:8001: $? = 0
configure:8074: gcc -o conftest -g -O2   conftest.c  >&5
configure:8074: $? = 0
configure:8074: ./conftest
configure:8074: $? = 0
configure:8085: result: yes
configure:8098: checking for sys/types.h
configure:8098: gcc -c -g -O2  conftest.c >&5
configure:8098: $? = 0
configure:8098: result: yes
configure:8098: checking for sys/stat.h
configure:8098: gcc -c -g -O2  conftest.c >&5
configure:8098: $? = 0
configure:8098: result: yes
configure:8098: checking for stdlib.h
configure:8098: gcc -c -g -O2  conftest.c >&5
configure:8098: $? = 0
configure:8098: result: yes
configure:8098: checking for string.h
configure:8098: gcc -c -g -O2  conftest.c >&5
configure:8098: $? = 0
configure:8098: result: yes
configure:8098: checking for memory.h
configure:8098: gcc -c -g -O2  conftest.c >&5
configure:8098: $? = 0
configure:8098: result: yes
configure:8098: checking for strings.h
configure:8098: gcc -c -g -O2  conftest.c >&5
configure:8098: $? = 0
configure:8098: result: yes
configure:8098: checking for inttypes.h
configure:8098: gcc -c -g -O2  conftest.c >&5
configure:8098: $? = 0
configure:8098: result: yes
configure:8098: checking for stdint.h
configure:8098: gcc -c -g -O2  conftest.c >&5
configure:8098: $? = 0
configure:8098: result: yes
configure:8098: checking for unistd.h
configure:8098: gcc -c -g -O2  conftest.c >&5
configure:8098: $? = 0
configure:8098: result: yes
configure:8112: checking for dlfcn.h
configure:8112: gcc -c -g -O2  conftest.c >&5
configure:8112: $? = 0
configure:8112: result: yes
configure:8378: checking for objdir
configure:8393: result: .libs
configure:8653: checking if gcc supports -fno-rtti -fno-exceptions
configure:8671: gcc -c -g -O2  -fno-rtti -fno-exceptions conftest.c >&5
cc1: warning: command line option '-fno-rtti' is valid for C++/ObjC++ but not for C
configure:8675: $? = 0
configure:8688: result: no
configure:9046: checking for gcc option to produce PIC
configure:9053: result: -fPIC -DPIC
configure:9061: checking if gcc PIC flag -fPIC -DPIC works
configure:9079: gcc -c -g -O2  -fPIC -DPIC -DPIC conftest.c >&5
configure:9083: $? = 0
configure:9096: result: yes
configure:9125: checking if gcc static flag -static works
configure:9153: result: yes
configure:9168: checking if gcc supports -c -o file.o
configure:9189: gcc -c -g -O2  -o out/conftest2.o conftest.c >&5
configure:9193: $? = 0
configure:9215: result: yes
configure:9223: checking if gcc supports -c -o file.o
configure:9270: result: yes
configure:9303: checking whether the gcc linker (/usr/bin/ld -m elf_x86_64) supports shared libraries
configure:10566: result: yes
configure:10603: checking whether -lc should be explicitly linked in
configure:10611: gcc -c -g -O2  conftest.c >&5
configure:10614: $? = 0
configure:10629: gcc -shared  -fPIC -DPIC conftest.o  -v -Wl,-soname -Wl,conftest -o conftest 2\>\&1 \| /bin/grep  -lc  \>/dev/null 2\>\&1
configure:10632: $? = 0
configure:10646: result: no
configure:10806: checking dynamic linker characteristics
configure:11387: gcc -o conftest -g -O2   -Wl,-rpath -Wl,/foo conftest.c  >&5
configure:11387: $? = 0
configure:11636: result: GNU/Linux ld.so
configure:11758: checking how to hardcode library paths into programs
configure:11783: result: immediate
configure:12331: checking whether stripping libraries is possible
configure:12336: result: yes
configure:12371: checking if libtool supports shared libraries
configure:12373: result: yes
configure:12376: checking whether to build shared libraries
configure:12401: result: yes
configure:12404: checking whether to build static libraries
configure:12408: result: yes
configure:12431: checking how to run the C++ preprocessor
configure:12458: g++ -E  conftest.cpp
configure:12458: $? = 0
configure:12472: g++ -E  conftest.cpp
conftest.cpp:23:28: fatal error: ac_nonexistent.h: No such file or directory
compilation terminated.
configure:12472: $? = 1
configure: failed program was:
| /* confdefs.h */
| #define PACKAGE_NAME ""
| #define PACKAGE_TARNAME ""
| #define PACKAGE_VERSION ""
| #define PACKAGE_STRING ""
| #define PACKAGE_BUGREPORT ""
| #define PACKAGE_URL ""
| #define PACKAGE "SampleApp"
| #define VERSION "0.1"
| #define STDC_HEADERS 1
| #define HAVE_SYS_TYPES_H 1
| #define HAVE_SYS_STAT_H 1
| #define HAVE_STDLIB_H 1
| #define HAVE_STRING_H 1
| #define HAVE_MEMORY_H 1
| #define HAVE_STRINGS_H 1
| #define HAVE_INTTYPES_H 1
| #define HAVE_STDINT_H 1
| #define HAVE_UNISTD_H 1
| #define HAVE_DLFCN_H 1
| #define LT_OBJDIR ".libs/"
| /* end confdefs.h.  */
| #include <ac_nonexistent.h>
configure:12497: result: g++ -E
configure:12517: g++ -E  conftest.cpp
configure:12517: $? = 0
configure:12531: g++ -E  conftest.cpp
conftest.cpp:23:28: fatal error: ac_nonexistent.h: No such file or directory
compilation terminated.
configure:12531: $? = 1
configure: failed program was:
| /* confdefs.h */
| #define PACKAGE_NAME ""
| #define PACKAGE_TARNAME ""
| #define PACKAGE_VERSION ""
| #define PACKAGE_STRING ""
| #define PACKAGE_BUGREPORT ""
| #define PACKAGE_URL ""
| #define PACKAGE "SampleApp"
| #define VERSION "0.1"
| #define STDC_HEADERS 1
| #define HAVE_SYS_TYPES_H 1
| #define HAVE_SYS_STAT_H 1
| #define HAVE_STDLIB_H 1
| #define HAVE_STRING_H 1
| #define HAVE_MEMORY_H 1
| #define HAVE_STRINGS_H 1
| #define HAVE_INTTYPES_H 1
| #define HAVE_STDINT_H 1
| #define HAVE_UNISTD_H 1
| #define HAVE_DLFCN_H 1
| #define LT_OBJDIR ".libs/"
| /* end confdefs.h.  */
| #include <ac_nonexistent.h>
configure:12693: checking for ld used by g++
configure:12760: result: /usr/bin/ld -m elf_x86_64
configure:12767: checking if the linker (/usr/bin/ld -m elf_x86_64) is GNU ld
configure:12782: result: yes
configure:12837: checking whether the g++ linker (/usr/bin/ld -m elf_x86_64) supports shared libraries
configure:13910: result: yes
configure:13946: g++ -c -g -O2  conftest.cpp >&5
configure:13949: $? = 0
configure:14430: checking for g++ option to produce PIC
configure:14437: result: -fPIC -DPIC
configure:14445: checking if g++ PIC flag -fPIC -DPIC works
configure:14463: g++ -c -g -O2  -fPIC -DPIC -DPIC conftest.cpp >&5
configure:14467: $? = 0
configure:14480: result: yes
configure:14503: checking if g++ static flag -static works
configure:14531: result: yes
configure:14543: checking if g++ supports -c -o file.o
configure:14564: g++ -c -g -O2  -o out/conftest2.o conftest.cpp >&5
configure:14568: $? = 0
configure:14590: result: yes
configure:14595: checking if g++ supports -c -o file.o
configure:14642: result: yes
configure:14672: checking whether the g++ linker (/usr/bin/ld -m elf_x86_64) supports shared libraries
configure:14715: result: yes
configure:14856: checking dynamic linker characteristics
configure:15613: result: GNU/Linux ld.so
configure:15678: checking how to hardcode library paths into programs
configure:15703: result: immediate
configure:15819: checking for pkg-config
configure:15837: found /usr/bin/pkg-config
configure:15849: result: /usr/bin/pkg-config
configure:15874: checking pkg-config is at least version 0.9.0
configure:15877: result: yes
configure:15887: checking for OGRE
configure:15894: $PKG_CONFIG --exists --print-errors "OGRE >= 1.2"
configure:15897: $? = 0
configure:15911: $PKG_CONFIG --exists --print-errors "OGRE >= 1.2"
configure:15914: $? = 0
configure:15972: result: yes
configure:15981: checking for OIS
configure:15988: $PKG_CONFIG --exists --print-errors "OIS >= 1.0"
configure:15991: $? = 0
configure:16005: $PKG_CONFIG --exists --print-errors "OIS >= 1.0"
configure:16008: $? = 0
configure:16066: result: yes
configure:16075: checking for bullet
configure:16082: $PKG_CONFIG --exists --print-errors "bullet >= 2.79"
configure:16085: $? = 0
configure:16099: $PKG_CONFIG --exists --print-errors "bullet >= 2.79"
configure:16102: $? = 0
configure:16160: result: yes
configure:16169: checking for CEGUI
configure:16176: $PKG_CONFIG --exists --print-errors "CEGUI-0 >= 0.8"
configure:16179: $? = 0
configure:16193: $PKG_CONFIG --exists --print-errors "CEGUI-0 >= 0.8"
configure:16196: $? = 0
configure:16254: result: yes
configure:16263: checking for CEGUI_OGRE
configure:16270: $PKG_CONFIG --exists --print-errors "CEGUI-0-OGRE >= 0.8"
configure:16273: $? = 0
configure:16287: $PKG_CONFIG --exists --print-errors "CEGUI-0-OGRE >= 0.8"
configure:16290: $? = 0
configure:16348: result: yes
configure:16465: checking that generated files are newer than configure
configure:16471: result: done
configure:16498: creating ./config.status

## ---------------------- ##
## Running config.status. ##
## ---------------------- ##

This file was extended by config.status, which was
generated by GNU Autoconf 2.69.  Invocation command line was

  CONFIG_FILES    = 
  CONFIG_HEADERS  = 
  CONFIG_LINKS    = 
  CONFIG_COMMANDS = 
  $ ./config.status 

on corona-borealis

config.status:1162: creating Makefile
config.status:1162: creating config.h
config.status:1343: config.h is unchanged
config.status:1391: executing depfiles commands
config.status:1391: executing libtool commands

## ---------------- ##
## Cache variables. ##
## ---------------- ##

ac_cv_build=x86_64-pc-linux-gnu
ac_cv_c_compiler_gnu=yes
ac_cv_cxx_compiler_gnu=yes
ac_cv_env_CCC_set=
ac_cv_env_CCC_value=
ac_cv_env_CC_set=
ac_cv_env_CC_value=
ac_cv_env_CEGUI_CFLAGS_set=
ac_cv_env_CEGUI_CFLAGS_value=
ac_cv_env_CEGUI_LIBS_set=
ac_cv_env_CEGUI_LIBS_value=
ac_cv_env_CEGUI_OGRE_CFLAGS_set=
ac_cv_env_CEGUI_OGRE_CFLAGS_value=
ac_cv_env_CEGUI_OGRE_LIBS_set=
ac_cv_env_CEGUI_OGRE_LIBS_value=
ac_cv_env_CFLAGS_set=
ac_cv_env_CFLAGS_value=
ac_cv_env_CPPFLAGS_set=
ac_cv_env_CPPFLAGS_value=
ac_cv_env_CPP_set=
ac_cv_env_CPP_value=
ac_cv_env_CXXCPP_set=
ac_cv_env_CXXCPP_value=
ac_cv_env_CXXFLAGS_set=
ac_cv_env_CXXFLAGS_value=
ac_cv_env_CXX_set=
ac_cv_env_CXX_value=
ac_cv_env_LDFLAGS_set=
ac_cv_env_LDFLAGS_value=
ac_cv_env_LIBS_set=
ac_cv_env_LIBS_value=
ac_cv_env_LT_SYS_LIBRARY_PATH_set=
ac_cv_env_LT_SYS_LIBRARY_PATH_value=
ac_cv_env_OGRE_CFLAGS_set=
ac_cv_env_OGRE_CFLAGS_value=
ac_cv_env_OGRE_LIBS_set=
ac_cv_env_OGRE_LIBS_value=
ac_cv_env_OIS_CFLAGS_set=
ac_cv_env_OIS_CFLAGS_value=
ac_cv_env_OIS_LIBS_set=
ac_cv_env_OIS_LIBS_value=
ac_cv_env_PKG_CONFIG_LIBDIR_set=
ac_cv_env_PKG_CONFIG_LIBDIR_value=
ac_cv_env_PKG_CONFIG_PATH_set=
ac_cv_env_PKG_CONFIG_PATH_value=
ac_cv_env_PKG_CONFIG_set=
ac_cv_env_PKG_CONFIG_value=
ac_cv_env_build_alias_set=
ac_cv_env_build_alias_value=
ac_cv_env_bullet_CFLAGS_set=
ac_cv_env_bullet_CFLAGS_value=
ac_cv_env_bullet_LIBS_set=
ac_cv_env_bullet_LIBS_value=
ac_cv_env_host_alias_set=
ac_cv_env_host_alias_value=
ac_cv_env_target_alias_set=
ac_cv_env_target_alias_value=
ac_cv_header_dlfcn_h=yes
ac_cv_header_inttypes_h=yes
ac_cv_header_memory_h=yes
ac_cv_header_stdc=yes
ac_cv_header_stdint_h=yes
ac_cv_header_stdlib_h=yes
ac_cv_header_string_h=yes
ac_cv_header_strings_h=yes
ac_cv_header_sys_stat_h=yes
ac_cv_header_sys_types_h=yes
ac_cv_header_unistd_h=yes
ac_cv_host=x86_64-pc-linux-gnu
ac_cv_objext=o
ac_cv_path_EGREP='/bin/grep -E'
ac_cv_path_FGREP='/bin/grep -F'
ac_cv_path_GREP=/bin/grep
ac_cv_path_SED=/bin/sed
ac_cv_path_ac_pt_PKG_CONFIG=/usr/bin/pkg-config
ac_cv_path_install='/usr/bin/install -c'
ac_cv_path_lt_DD=/bin/dd
ac_cv_path_mkdir=/bin/mkdir
ac_cv_prog_AWK=gawk
ac_cv_prog_CPP='gcc -E'
ac_cv_prog_CXXCPP='g++ -E'
ac_cv_prog_ac_ct_AR=ar
ac_cv_prog_ac_ct_CC=gcc
ac_cv_prog_ac_ct_CXX=g++
ac_cv_prog_ac_ct_MANIFEST_TOOL=mt
ac_cv_prog_ac_ct_OBJDUMP=objdump
ac_cv_prog_ac_ct_RANLIB=ranlib
ac_cv_prog_ac_ct_STRIP=strip
ac_cv_prog_cc_c89=
ac_cv_prog_cc_g=yes
ac_cv_prog_cxx_g=yes
ac_cv_prog_make_make_set=yes
am_cv_CC_dependencies_compiler_type=gcc3
am_cv_CXX_dependencies_compiler_type=gcc3
am_cv_make_support_nested_variables=yes
am_cv_prog_cc_c_o=yes
lt_cv_ar_at_file=@
lt_cv_archive_cmds_need_lc=no
lt_cv_deplibs_check_method=pass_all
lt_cv_file_magic_cmd='$MAGIC_CMD'
lt_cv_file_magic_test_file=
lt_cv_ld_reload_flag=-r
lt_cv_nm_interface='BSD nm'
lt_cv_objdir=.libs
lt_cv_path_LD=/usr/bin/ld
lt_cv_path_LDCXX='/usr/bin/ld -m elf_x86_64'
lt_cv_path_NM='/usr/bin/nm -B'
lt_cv_path_mainfest_tool=no
lt_cv_prog_compiler_c_o=yes
lt_cv_prog_compiler_c_o_CXX=yes
lt_cv_prog_compiler_pic='-fPIC -DPIC'
lt_cv_prog_compiler_pic_CXX='-fPIC -DPIC'
lt_cv_prog_compiler_pic_works=yes
lt_cv_prog_compiler_pic_works_CXX=yes
lt_cv_prog_compiler_rtti_exceptions=no
lt_cv_prog_compiler_static_works=yes
lt_cv_prog_compiler_static_works_CXX=yes
lt_cv_prog_gnu_ld=yes
lt_cv_prog_gnu_ldcxx=yes
lt_cv_sharedlib_from_linklib_cmd='printf %s\n'
lt_cv_shlibpath_overrides_runpath=no
lt_cv_sys_global_symbol_pipe='sed -n -e '\''s/^.*[	 ]\([ABCDGIRSTW][ABCDGIRSTW]*\)[	 ][	 ]*\([_A-Za-z][_A-Za-z0-9]*\)$/\1 \2 \2/p'\'' | sed '\''/ __gnu_lto/d'\'''
lt_cv_sys_global_symbol_to_c_name_address='sed -n -e '\''s/^: \(.*\) .*$/  {"\1", (void *) 0},/p'\'' -e '\''s/^[ABCDGIRSTW][ABCDGIRSTW]* .* \(.*\)$/  {"\1", (void *) \&\1},/p'\'''
lt_cv_sys_global_symbol_to_c_name_address_lib_prefix='sed -n -e '\''s/^: \(.*\) .*$/  {"\1", (void *) 0},/p'\'' -e '\''s/^[ABCDGIRSTW][ABCDGIRSTW]* .* \(lib.*\)$/  {"\1", (void *) \&\1},/p'\'' -e '\''s/^[ABCDGIRSTW][ABCDGIRSTW]* .* \(.*\)$/  {"lib\1", (void *) \&\1},/p'\'''
lt_cv_sys_global_symbol_to_cdecl='sed -n -e '\''s/^T .* \(.*\)$/extern int \1();/p'\'' -e '\''s/^[ABCDGIRSTW][ABCDGIRSTW]* .* \(.*\)$/extern char \1;/p'\'''
lt_cv_sys_global_symbol_to_import=
lt_cv_sys_max_cmd_len=1572864
lt_cv_to_host_file_cmd=func_convert_file_noop
lt_cv_to_tool_file_cmd=func_convert_file_noop
lt_cv_truncate_bin='/bin/dd bs=4096 count=1'
pkg_cv_CEGUI_CFLAGS=-I/lusr/opt/cegui-0.8.7/include/cegui-0
pkg_cv_CEGUI_LIBS='-L/lusr/opt/cegui-0.8.7/lib -lCEGUIBase-0'
pkg_cv_CEGUI_OGRE_CFLAGS='-pthread -I/lusr/opt/cegui-0.8.7/include/cegui-0 -I/usr/include/OGRE'
pkg_cv_CEGUI_OGRE_LIBS='-L/lusr/opt/cegui-0.8.7/lib -lCEGUIOgreRenderer-0 -lOgreMain -lpthread -lCEGUIBase-0'
pkg_cv_OGRE_CFLAGS='-pthread -I/usr/include/OGRE'
pkg_cv_OGRE_LIBS='-lOgreMain -lpthread'
pkg_cv_OIS_CFLAGS=-I/usr/include/ois
pkg_cv_OIS_LIBS=-lOIS
pkg_cv_bullet_CFLAGS=-I/usr/include/bullet
pkg_cv_bullet_LIBS='-lBulletSoftBody -lBulletDynamics -lBulletCollision -lLinearMath'

## ----------------- ##
## Output variables. ##
## ----------------- ##

ACLOCAL='${SHELL} /v/filer5b/v38q001/abel24m/Documents/CS354R/GameTech/Assignment2/appdirectory/missing aclocal-1.15'
AMDEPBACKSLASH='\'
AMDEP_FALSE='#'
AMDEP_TRUE=''
AMTAR='$${TAR-tar}'
AM_BACKSLASH='\'
AM_DEFAULT_V='$(AM_DEFAULT_VERBOSITY)'
AM_DEFAULT_VERBOSITY='1'
AM_V='$(V)'
AR='ar'
AUTOCONF='${SHELL} /v/filer5b/v38q001/abel24m/Documents/CS354R/GameTech/Assignment2/appdirectory/missing autoconf'
AUTOHEADER='${SHELL} /v/filer5b/v38q001/abel24m/Documents/CS354R/GameTech/Assignment2/appdirectory/missing autoheader'
AUTOMAKE='${SHELL} /v/filer5b/v38q001/abel24m/Documents/CS354R/GameTech/Assignment2/appdirectory/missing automake-1.15'
AWK='gawk'
BULLET_CFLAGS=''
BULLET_LIBS=''
CC='gcc'
CCDEPMODE='depmode=gcc3'
CEGUI_CFLAGS='-I/lusr/opt/cegui-0.8.7/include/cegui-0'
CEGUI_LIBS='-L/lusr/opt/cegui-0.8.7/lib -lCEGUIBase-0'
CEGUI_OGRE_CFLAGS='-pthread -I/lusr/opt/cegui-0.8.7/include/cegui-0 -I/usr/include/OGRE'
CEGUI_OGRE_LIBS='-L/lusr/opt/cegui-0.8.7/lib -lCEGUIOgreRenderer-0 -lOgreMain -lpthread -lCEGUIBase-0'
CFLAGS='-g -O2'
CPP='gcc -E'
CPPFLAGS=''
CXX='g++'
CXXCPP='g++ -E'
CXXDEPMODE='depmode=gcc3'
CXXFLAGS='-g -O2'
CYGPATH_W='echo'
DEFS='-DHAVE_CONFIG_H'
DEPDIR='.deps'
DLLTOOL='false'
DSYMUTIL=''
DUMPBIN=''
ECHO_C=''
ECHO_N='-n'
ECHO_T=''
EGREP='/bin/grep -E'
EXEEXT=''
FGREP='/bin/grep -F'
GREP='/bin/grep'
INSTALL_DATA='${INSTALL} -m 644'
INSTALL_PROGRAM='${INSTALL}'
INSTALL_SCRIPT='${INSTALL}'
INSTALL_STRIP_PROGRAM='$(install_sh) -c -s'
LD='/usr/bin/ld -m elf_x86_64'
LDFLAGS=''
LIBOBJS=''
LIBS=''
LIBTOOL='$(SHELL) $(top_builddir)/libtool'
LIPO=''
LN_S='ln -s'
LTLIBOBJS=''
LT_SYS_LIBRARY_PATH=''
MAKEINFO='${SHELL} /v/filer5b/v38q001/abel24m/Documents/CS354R/GameTech/Assignment2/appdirectory/missing makeinfo'
MANIFEST_TOOL=':'
MKDIR_P='/bin/mkdir -p'
NM='/usr/bin/nm -B'
NMEDIT=''
OBJDUMP='objdump'
OBJEXT='o'
OGRE_CFLAGS='-pthread -I/usr/include/OGRE'
OGRE_LIBS='-lOgreMain -lpthread'
OIS_CFLAGS='-I/usr/include/ois'
OIS_LIBS='-lOIS'
OTOOL64=''
OTOOL=''
PACKAGE='SampleApp'
PACKAGE_BUGREPORT=''
PACKAGE_NAME=''
PACKAGE_STRING=''
PACKAGE_TARNAME=''
PACKAGE_URL=''
PACKAGE_VERSION=''
PATH_SEPARATOR=':'
PKG_CONFIG='/usr/bin/pkg-config'
PKG_CONFIG_LIBDIR=''
PKG_CONFIG_PATH=''
RANLIB='ranlib'
SED='/bin/sed'
SET_MAKE=''
SHELL='/bin/bash'
STRIP='strip'
VERSION='0.1'
ac_ct_AR='ar'
ac_ct_CC='gcc'
ac_ct_CXX='g++'
ac_ct_DUMPBIN=''
am__EXEEXT_FALSE=''
am__EXEEXT_TRUE='#'
am__fastdepCC_FALSE='#'
am__fastdepCC_TRUE=''
am__fastdepCXX_FALSE='#'
am__fastdepCXX_TRUE=''
am__include='include'
am__isrc=''
am__leading_dot='.'
am__nodep='_no'
am__quote=''
am__tar='$${TAR-tar} chof - "$$tardir"'
am__untar='$${TAR-tar} xf -'
bindir='${exec_prefix}/bin'
build='x86_64-pc-linux-gnu'
build_alias=''
build_cpu='x86_64'
build_os='linux-gnu'
build_vendor='pc'
bullet_CFLAGS='-I/usr/include/bullet'
bullet_LIBS='-lBulletSoftBody -lBulletDynamics -lBulletCollision -lLinearMath'
datadir='${datarootdir}'
datarootdir='${prefix}/share'
docdir='${datarootdir}/doc/${PACKAGE}'
dvidir='${docdir}'
exec_prefix='${prefix}'
host='x86_64-pc-linux-gnu'
host_alias=''
host_cpu='x86_64'
host_os='linux-gnu'
host_vendor='pc'
htmldir='${docdir}'
includedir='${prefix}/include'
infodir='${datarootdir}/info'
install_sh='${SHELL} /v/filer5b/v38q001/abel24m/Documents/CS354R/GameTech/Assignment2/appdirectory/install-sh'
libdir='${exec_prefix}/lib'
libexecdir='${exec_prefix}/libexec'
localedir='${datarootdir}/locale'
localstatedir='${prefix}/var'
mandir='${datarootdir}/man'
mkdir_p='$(MKDIR_P)'
oldincludedir='/usr/include'
pdfdir='${docdir}'
prefix='/usr/local'
program_transform_name='s,x,x,'
psdir='${docdir}'
runstatedir='${localstatedir}/run'
sbindir='${exec_prefix}/sbin'
sharedstatedir='${prefix}/com'
sysconfdir='${prefix}/etc'
target_alias=''

## ----------- ##
## confdefs.h. ##
## ----------- ##

/* confdefs.h */
#define PACKAGE_NAME ""
#define PACKAGE_TARNAME ""
#define PACKAGE_VERSION ""
#define PACKAGE_STRING ""
#define PACKAGE_BUGREPORT ""
#define PACKAGE_URL ""
#define PACKAGE "SampleApp"
#define VERSION "0.1"
#define STDC_HEADERS 1
#define HAVE_SYS_TYPES_H 1
#define HAVE_SYS_STAT_H 1
#define HAVE_STDLIB_H 1
#define HAVE_STRING_H 1
#define HAVE_MEMORY_H 1
#define HAVE_STRINGS_H 1
#define HAVE_INTTYPES_H 1
#define HAVE_STDINT_H 1
#define HAVE_UNISTD_H 1
#define HAVE_DLFCN_H 1
#define LT_OBJDIR ".libs/"

configure: exit 0

## ---------------------- ##
## Running config.status. ##
## ---------------------- ##

This file was extended by config.status, which was
generated by GNU Autoconf 2.69.  Invocation command line was

  CONFIG_FILES    = 
  CONFIG_HEADERS  = 
  CONFIG_LINKS    = 
  CONFIG_COMMANDS = 
  $ ./config.status Makefile depfiles

on lynx

config.status:1162: creating Makefile
config.status:1391: executing depfiles commands

## ---------------------- ##
## Running config.status. ##
## ---------------------- ##

This file was extended by config.status, which was
generated by GNU Autoconf 2.69.  Invocation command line was

  CONFIG_FILES    = 
  CONFIG_HEADERS  = 
  CONFIG_LINKS    = 
  CONFIG_COMMANDS = 
  $ ./config.status Makefile depfiles

on lynx

config.status:1162: creating Makefile
config.status:1391: executing depfiles commands

## ---------------------- ##
## Running config.status. ##
## ---------------------- ##

This file was extended by config.status, which was
generated by GNU Autoconf 2.69.  Invocation command line was

  CONFIG_FILES    = 
  CONFIG_HEADERS  = 
  CONFIG_LINKS    = 
  CONFIG_COMMANDS = 
  $ ./config.status Makefile depfiles

on lynx

config.status:1162: creating Makefile
config.status:1391: executing depfiles commands

## ---------------------- ##
## Running config.status. ##
## ---------------------- ##

This file was extended by config.status, which was
generated by GNU Autoconf 2.69.  Invocation command line was

  CONFIG_FILES    = 
  CONFIG_HEADERS  = 
  CONFIG_LINKS    = 
  CONFIG_COMMANDS = 
  $ ./config.status Makefile depfiles

on leo

config.status:1162: creating Makefile
config.status:1391: executing depfiles commands

## ---------------------- ##
## Running config.status. ##
## ---------------------- ##

This file was extended by config.status, which was
generated by GNU Autoconf 2.69.  Invocation command line was

  CONFIG_FILES    = 
  CONFIG_HEADERS  = 
  CONFIG_LINKS    = 
  CONFIG_COMMANDS = 
  $ ./config.status Makefile depfiles

on leo

config.status:1162: creating Makefile
config.status:1391: executing depfiles commands

## ---------------------- ##
## Running config.status. ##
## ---------------------- ##

This file was extended by config.status, which was
generated by GNU Autoconf 2.69.  Invocation command line was

  CONFIG_FILES    = 
  CONFIG_HEADERS  = 
  CONFIG_LINKS    = 
  CONFIG_COMMANDS = 
  $ ./config.status Makefile depfiles

on roly-poly

config.status:1162: creating Makefile
config.status:1391: executing depfiles commands
